(Loading C:\Strawberry\perl\site\lib\LaTeXML\Package\TeX.pool.ltxml...
(Loading C:\Strawberry\perl\site\lib\LaTeXML\Package\eTeX.pool.ltxml... 0.01 sec)
(Loading C:\Strawberry\perl\site\lib\LaTeXML\Package\pdfTeX.pool.ltxml... 0.01 sec) 0.13 sec)
latexmlc.bat (LaTeXML version 0.8.8)
invoked as [C:\Strawberry\perl\site\bin\latexmlc.bat --destination=index.html pghrt\]
processing started Thu Aug 28 13:09:15 2025
Fatal:missing_file:pghrt\ Can't find TeX file pghrt\
	at String; line 0 col 0 - line 0 col 0
	search paths are E:\Repositories\pghrt, E:/Repositories/pghrt
(Building...
(Loading compiled schema C:\Strawberry\perl\site\lib\LaTeXML\resources/RelaxNG\LaTeXML.model... 0.01 sec) 0.02 sec)
(Rewriting... 0.00 sec)
(Finalizing... 0.00 sec)
Conversion complete: 1 fatal error (See latexml.log)
LaTeXML died!
(post-processing...
(Scan index.html processing...
Scan: DBStatus: 3/0 objects
 0.00 sec)
(CrossRef index.html processing... 0.00 sec)
(XSLT[using LaTeXML-html5.xsl] index.html processing... 0.00 sec)
(Writer index.html processing... 0.00 sec) 0.00 sec)
Post-processing complete: No obvious problems
processing finished Thu Aug 28 13:09:16 2025
Status:conversion:3
