(Loading C:\Strawberry\perl\site\lib\LaTeXML\Package\TeX.pool.ltxml...
(Loading C:\Strawberry\perl\site\lib\LaTeXML\Package\eTeX.pool.ltxml... 0.00 sec)
(Loading C:\Strawberry\perl\site\lib\LaTeXML\Package\pdfTeX.pool.ltxml... 0.01 sec) 0.11 sec)
latexmlc.bat (LaTeXML version 0.8.8)
invoked as [C:\Strawberry\perl\site\bin\latexmlc.bat --destination=output_prebuild.html pghrt]
processing started Fri Oct 10 18:34:10 2025
(Digesting TeX pghrt...
(Processing content E:\Repositories\pghrt\pghrt.tex...
(Loading C:\Strawberry\perl\site\lib\LaTeXML\Package\LaTeX.pool.ltxml...
(Loading C:\Strawberry\perl\site\lib\LaTeXML\Package\textcomp.sty.ltxml...
(Processing definitions C:/Program Files/MiKTeX/tex/latex/base/ts1enc.dfu... 0.02 sec) 0.82 sec) 0.99 sec)
(Loading C:\Strawberry\perl\site\lib\LaTeXML\Package\article.cls.ltxml... 0.01 sec)
(Loading C:\Strawberry\perl\site\lib\LaTeXML\Package\hyperref.sty.ltxml...
(Loading C:\Strawberry\perl\site\lib\LaTeXML\Package\ltxcmds.sty.ltxml...
(Processing definitions C:/Program Files/MiKTeX/tex/generic/ltxcmds/ltxcmds.sty... 0.07 sec) 0.38 sec)
(Loading C:\Strawberry\perl\site\lib\LaTeXML\Package\keyval.sty.ltxml...
(Processing definitions C:/Program Files/MiKTeX/tex/latex/graphics/keyval.sty... 0.01 sec) 0.32 sec)
(Loading C:\Strawberry\perl\site\lib\LaTeXML\Package\kvsetkeys.sty.ltxml...
(Processing definitions C:/Program Files/MiKTeX/tex/latex/kvsetkeys/kvsetkeys.sty... 0.05 sec) 0.37 sec)
(Loading C:\Strawberry\perl\site\lib\LaTeXML\Package\kvdefinekeys.sty.ltxml...
(Processing definitions C:/Program Files/MiKTeX/tex/generic/kvdefinekeys/kvdefinekeys.sty... 0.02 sec) 0.33 sec)
(Loading C:\Strawberry\perl\site\lib\LaTeXML\Package\kvoptions.sty.ltxml...
(Processing definitions C:/Program Files/MiKTeX/tex/latex/kvoptions/kvoptions.sty... 0.11 sec) 0.42 sec)
(Loading C:\Strawberry\perl\site\lib\LaTeXML\Package\nameref.sty.ltxml...
(Loading C:\Strawberry\perl\site\lib\LaTeXML\Package\refcount.sty.ltxml...
(Processing definitions C:/Program Files/MiKTeX/tex/latex/refcount/refcount.sty...
(Loading C:\Strawberry\perl\site\lib\LaTeXML\Package\infwarerr.sty.ltxml...
(Processing definitions C:/Program Files/MiKTeX/tex/generic/infwarerr/infwarerr.sty... 0.04 sec) 0.35 sec) 0.40 sec) 0.71 sec)
(Loading C:\Strawberry\perl\site\lib\LaTeXML\Package\gettitlestring.sty.ltxml...
(Processing definitions C:/Program Files/MiKTeX/tex/generic/gettitlestring/gettitlestring.sty... 0.69 sec) 1.00 sec) 1.72 sec)
(Loading C:\Strawberry\perl\site\lib\LaTeXML\Package\url.sty.ltxml... 0.00 sec)
(Loading C:\Strawberry\perl\site\lib\LaTeXML\Package\bitset.sty.ltxml...
(Processing definitions C:/Program Files/MiKTeX/tex/generic/bitset/bitset.sty...
(Loading C:\Strawberry\perl\site\lib\LaTeXML\Package\intcalc.sty.ltxml...
(Processing definitions C:/Program Files/MiKTeX/tex/generic/intcalc/intcalc.sty... 0.05 sec) 0.36 sec)
(Loading C:\Strawberry\perl\site\lib\LaTeXML\Package\bigintcalc.sty.ltxml...
(Processing definitions C:/Program Files/MiKTeX/tex/generic/bigintcalc/bigintcalc.sty...
(Loading C:\Strawberry\perl\site\lib\LaTeXML\Package\pdftexcmds.sty.ltxml...
(Loading C:\Strawberry\perl\site\lib\LaTeXML\Package\iftex.sty.ltxml... 0.00 sec) 0.01 sec) 0.14 sec) 0.46 sec) 0.96 sec) 1.27 sec) 4.87 sec)
(Loading C:\Strawberry\perl\site\lib\LaTeXML\Package\float.sty.ltxml... 0.00 sec)
(Loading C:\Strawberry\perl\site\lib\LaTeXML\Package\csquotes.sty.ltxml...
(Processing definitions C:/Program Files/MiKTeX/tex/latex/csquotes/csquotes.sty...
(Loading C:\Strawberry\perl\site\lib\LaTeXML\Package\etoolbox.sty.ltxml... 0.14 sec)
(Loading C:\Strawberry\perl\site\lib\LaTeXML\Package\csquotes.def.ltxml...
(Processing definitions C:/Program Files/MiKTeX/tex/latex/csquotes/csquotes.def... 0.42 sec) 0.73 sec)
Info:latex:(csquotes)  Package csquotes Info: Trying to load configuration file 'csquotes.cfg'..    
	at csquotes.sty; line 2484 col 0 - line 2484 col 61
Info:latex:(csquotes)  Package csquotes Info: ... configuration file loaded successfully    
	at csquotes.sty; line 2487 col 0 - line 2487 col 46
(Processing definitions C:/Program Files/MiKTeX/tex/latex/csquotes/csquotes.cfg... 0.00 sec) 2.85 sec) 3.18 sec)
Warning:missing_file:datetime2 Can't find binding for package datetime2
	at pghrt.tex; line 6 col 11 - line 6 col 11
	Anticipate undefined macros or environments
	search paths are E:\Repositories\pghrt, E:/Repositories/pghrt
	In Core::Definition::Constructor[\usepac... C:\Strawberry\perl\site\lib\LaTeXML\Package\LaTeX.pool.ltxml; line 879
Info:dependencies:dependencies Loading dependencies for C:/Program Files/MiKTeX/tex/latex/datetime2/datetime2.sty: tracklang,xkeyval,datetime2-calc
	at pghrt.tex; line 6 col 11 - line 6 col 11
(Loading C:\Strawberry\perl\site\lib\LaTeXML\Package\xkeyval.sty.ltxml... 0.01 sec)
(Loading C:\Strawberry\perl\site\lib\LaTeXML\Package\color.sty.ltxml...
(Processing definitions C:/Program Files/MiKTeX/tex/latex/graphics/dvipsnam.def... 0.05 sec) 0.36 sec)
(Loading C:\Strawberry\perl\site\lib\LaTeXML\Package\booktabs.sty.ltxml... 0.01 sec)
(Loading C:\Strawberry\perl\site\lib\LaTeXML\Package\caption.sty.ltxml... 0.01 sec)
(Loading C:\Strawberry\perl\site\lib\LaTeXML\Package\graphicx.sty.ltxml...
(Loading C:\Strawberry\perl\site\lib\LaTeXML\Package\graphics.sty.ltxml... 0.00 sec) 0.02 sec)
Info:latex:(csquotes)  Package csquotes Info: Checking for multilingual support..    
	at pghrt.tex; line 31 col 0 - line 31 col 16
Info:latex:(csquotes)  Package csquotes Info: ... none found    
	at pghrt.tex; line 31 col 0 - line 31 col 16
Error:undefined:\DTMnow The token T_CS[\DTMnow] is not defined.
	at pghrt.tex; line 1284 col 0 - line 1284 col 44
	Defining it now as <ltx:ERROR/>
	Next token is T_CS[\par] ( == Core::Definition::Constructor[\par])
	In Core::Gullet[@0x1dc023cc8d8] E:\Repositories\pghrt\pghrt.tex; from line 1285 col 0 to line 1285 col 1
	 <= Core::Stomach[@0x1dc024a7068] <= ...
 17.29 sec) 17.33 sec)
(Building...
(Loading compiled schema C:\Strawberry\perl\site\lib\LaTeXML\resources/RelaxNG\LaTeXML.model... 0.01 sec) 5.80 sec)
(Rewriting... 0.01 sec)
(Math Parsing 9 formulae ...... 0.04 sec)
Math parsing succeeded:
   ltx:XMath: 9/9
Symbols assumed as simple identifiers (with # of occurences):
   'C{italic}' (1), 'a{italic}' (2), 'c{italic}' (1), 'd{italic}' (1), 'e{italic}' (3), 'g{italic}' (3), 'i{italic}' (1), 'l{italic}' (3), 'm{italic}' (5), 'n{italic}' (3), 'o{italic}' (4), 'r{italic}' (1), 's{italic}' (1), 't{italic}' (2), 'u{italic}' (1), 'v{italic}' (1)
Set MATHPARSER_SPECULATE to speculate on possible notations.
(Finalizing... 0.12 sec)
Conversion complete: 1 warning; 1 error; 1 undefined macro[\DTMnow]; 1 missing file[datetime2.sty] (See E:/Repositories/pghrt\pghrt.latexml.log)
(post-processing...
(Scan output_prebuild.html processing...
Scan: DBStatus: 779/0 objects
 0.12 sec)
(CrossRef output_prebuild.html processing... 0.16 sec)
(Graphics output_prebuild.html 4 to process... 0.00 sec)
(MathML::Presentation output_prebuild.html 9 to process...
converted 9 Maths
 0.01 sec)
(XSLT[using LaTeXML-html5.xsl] output_prebuild.html processing... 0.28 sec)
(Writer output_prebuild.html processing... 0.00 sec) 0.58 sec)
Post-processing complete: No obvious problems
processing finished Fri Oct 10 18:34:34 2025
Status:conversion:2
