\BOOKMARK [1][-]{section.0}{\376\377\000F\000O\000R\000E\000W\000O\000R\000D}{}% 1
\BOOKMARK [1][-]{section*.3}{\376\377\000D\000E\000D\000I\000C\000A\000T\000I\000O\000N}{}% 2
\BOOKMARK [1][-]{section.1}{\376\377\000I\000N\000T\000R\000O\000D\000U\000C\000T\000I\000O\000N}{}% 3
\BOOKMARK [2][-]{subsection.1.1}{\376\377\000I\000s\000\040\000t\000a\000k\000i\000n\000g\000\040\000e\000s\000t\000r\000o\000g\000e\000n\000\040\000s\000a\000f\000e\000?}{section.1}% 4
\BOOKMARK [2][-]{subsection.1.2}{\376\377\000W\000h\000a\000t\000\040\000r\000o\000u\000t\000e\000\040\000o\000f\000\040\000a\000d\000m\000i\000n\000i\000s\000t\000r\000a\000t\000i\000o\000n\000\040\000s\000h\000o\000u\000l\000d\000\040\000I\000\040\000c\000h\000o\000o\000s\000e\000\040\000f\000o\000r\000\040\000e\000s\000t\000r\000o\000g\000e\000n\000?}{section.1}% 5
\BOOKMARK [2][-]{subsection.1.3}{\376\377\000W\000h\000y\000\040\000d\000o\000\040\000y\000o\000u\000\040\000n\000o\000t\000\040\000r\000e\000c\000o\000m\000m\000e\000n\000d\000\040\000p\000i\000l\000l\000s\000,\000\040\000p\000a\000t\000c\000h\000e\000s\000,\000\040\000o\000r\000\040\000g\000e\000l\000?}{section.1}% 6
\BOOKMARK [2][-]{subsection.1.4}{\376\377\000I\000s\000\040\000d\000o\000s\000a\000g\000e\000\040\000o\000f\000\040\000e\000s\000t\000r\000o\000g\000e\000n\000\040\000e\000q\000u\000i\000v\000a\000l\000e\000n\000t\000\040\000a\000c\000r\000o\000s\000s\000\040\000a\000d\000m\000i\000n\000i\000s\000t\000r\000a\000t\000i\000o\000n\000\040\000r\000o\000u\000t\000e\000s\000\040\000o\000r\000\040\000f\000o\000r\000m\000s\000?}{section.1}% 7
\BOOKMARK [2][-]{subsection.1.5}{\376\377\000W\000h\000a\000t\000\040\000i\000s\000\040\000a\000\040\040\034\000h\000a\000l\000f\000-\000l\000i\000f\000e\040\035\000?}{section.1}% 8
\BOOKMARK [2][-]{subsection.1.6}{\376\377\000W\000h\000a\000t\040\031\000s\000\040\000w\000r\000o\000n\000g\000\040\000w\000i\000t\000h\000\040\000p\000i\000l\000l\000s\000?}{section.1}% 9
\BOOKMARK [2][-]{subsection.1.7}{\376\377\000W\000h\000a\000t\040\031\000s\000\040\000w\000r\000o\000n\000g\000\040\000w\000i\000t\000h\000\040\000p\000a\000t\000c\000h\000e\000s\000?}{section.1}% 10
\BOOKMARK [2][-]{subsection.1.8}{\376\377\000W\000h\000a\000t\040\031\000s\000\040\000w\000r\000o\000n\000g\000\040\000w\000i\000t\000h\000\040\000g\000e\000l\000?}{section.1}% 11
\BOOKMARK [2][-]{subsection.1.9}{\376\377\000W\000h\000a\000t\000\040\000a\000b\000o\000u\000t\000\040\000p\000e\000l\000l\000e\000t\000s\000?}{section.1}% 12
\BOOKMARK [2][-]{subsection.1.10}{\376\377\000W\000h\000a\000t\000\040\000a\000b\000o\000u\000t\000\040\000s\000p\000r\000a\000y\000s\000?}{section.1}% 13
\BOOKMARK [2][-]{subsection.1.11}{\376\377\000I\000s\000\040\000t\000h\000e\000\040\000d\000i\000f\000f\000e\000r\000e\000n\000c\000e\000\040\000t\000h\000a\000t\000\040\000s\000i\000g\000n\000i\000f\000i\000c\000a\000n\000t\000?}{section.1}% 14
\BOOKMARK [1][-]{section.2}{\376\377\000W\000H\000Y\000\040\000I\000N\000J\000E\000C\000T\000I\000O\000N\000S}{}% 15
\BOOKMARK [2][-]{subsection.2.1}{\376\377\000W\000h\000a\000t\000\040\000m\000a\000k\000e\000s\000\040\000i\000n\000j\000e\000c\000t\000i\000o\000n\000s\000\040\000s\000o\000\040\000g\000o\000o\000d\000?}{section.2}% 16
\BOOKMARK [2][-]{subsection.2.2}{\376\377\000A\000r\000e\000\040\000a\000n\000t\000i\000a\000n\000d\000r\000o\000g\000e\000n\000s\000\040\000n\000e\000c\000e\000s\000s\000a\000r\000y\000\040\000w\000i\000t\000h\000\040\000i\000n\000j\000e\000c\000t\000i\000o\000n\000s\000?}{section.2}% 17
\BOOKMARK [2][-]{subsection.2.3}{\376\377\000H\000o\000w\000\040\000d\000o\000e\000s\000\040\000m\000o\000n\000o\000t\000h\000e\000r\000a\000p\000y\000\040\000w\000o\000r\000k\000?}{section.2}% 18
\BOOKMARK [2][-]{subsection.2.4}{\376\377\000H\000o\000w\000\040\000a\000r\000e\000\040\000i\000n\000j\000e\000c\000t\000i\000o\000n\000s\000\040\000s\000a\000f\000e\000r\000?}{section.2}% 19
\BOOKMARK [2][-]{subsection.2.5}{\376\377\000B\000u\000t\000\040\000a\000r\000e\000n\040\031\000t\000\040\000t\000h\000e\000r\000e\000\040\000r\000i\000s\000k\000s\000\040\000w\000i\000t\000h\000\040\000t\000h\000e\000\040\000p\000h\000y\000s\000i\000c\000a\000l\000\040\000a\000c\000t\000\040\000o\000f\000\040\000i\000n\000j\000e\000c\000t\000i\000n\000g\000?}{section.2}% 20
\BOOKMARK [2][-]{subsection.2.6}{\376\377\000H\000o\000w\000\040\000a\000r\000e\000\040\000i\000n\000j\000e\000c\000t\000i\000o\000n\000s\000\040\000e\000a\000s\000i\000e\000r\000?}{section.2}% 21
\BOOKMARK [2][-]{subsection.2.7}{\376\377\000H\000o\000w\000\040\000a\000r\000e\000\040\000i\000n\000j\000e\000c\000t\000i\000o\000n\000s\000\040\000c\000h\000e\000a\000p\000?}{section.2}% 22
\BOOKMARK [2][-]{subsection.2.8}{\376\377\000B\000u\000t\000\040\000I\000\040\000d\000o\000n\040\031\000t\000\040\000h\000a\000v\000e\000\040\000i\000n\000s\000u\000r\000a\000n\000c\000e\000\040\000/\000\040\000m\000y\000\040\000i\000n\000s\000u\000r\000a\000n\000c\000e\000\040\000w\000o\000n\040\031\000t\000\040\000c\000o\000v\000e\000r\000\040\000i\000t\000\040\000/\000\040\000p\000i\000l\000l\000s\000\040\000a\000r\000e\000\040\000c\000h\000e\000a\000p\000e\000r\000\040\000t\000h\000a\000n\000\040\000i\000n\000j\000e\000c\000t\000i\000o\000n\000s\000\040\000w\000i\000t\000h\000\040\000m\000y\000\040\000i\000n\000s\000u\000r\000a\000n\000c\000e\000\040\000/\000\040\000i\000n\000j\000e\000c\000t\000i\000o\000n\000s\000\040\000a\000r\000e\000\040\000n\000o\000t\000\040\000a\000v\000a\000i\000l\000a\000b\000l\000e\000\040\000i\000n\000\040\000m\000y\000\040\000c\000o\000u\000n\000t\000r\000y\000\040\000/\000\040\000m\000y\000\040\000d\000o\000c\000t\000o\000r\000\040\000w\000o\000n\040\031\000t\000\040\000p\000r\000e\000s\000c\000r\000i\000b\000e\000\040\000i\000n\000j\000e\000c\000t\000i\000o\000n\000s\000?}{section.2}% 23
\BOOKMARK [2][-]{subsection.2.9}{\376\377\000I\000s\000\040\000s\000w\000a\000p\000p\000i\000n\000g\000\040\000t\000o\000\040\000i\000n\000j\000e\000c\000t\000i\000o\000n\000s\000\040\000g\000o\000o\000d\000\040\000e\000v\000e\000n\000\040\000a\000f\000t\000e\000r\000\040\000y\000e\000a\000r\000s\000\040\000o\000n\000\040\000H\000R\000T\000?}{section.2}% 24
\BOOKMARK [2][-]{subsection.2.10}{\376\377\000B\000u\000t\000\040\000i\000n\000j\000e\000c\000t\000i\000o\000n\000s\000\040\000a\000r\000e\000\040\000s\000c\000a\000r\000y\000?}{section.2}% 25
\BOOKMARK [2][-]{subsection.2.11}{\376\377\000A\000r\000e\000\040\000i\000n\000j\000e\000c\000t\000i\000o\000n\000s\000\040\000l\000i\000k\000e\000\040\000a\000\040\000b\000l\000o\000o\000d\000\040\000d\000r\000a\000w\000\040\000o\000r\000\040\000a\000\040\000v\000a\000c\000c\000i\000n\000e\000?}{section.2}% 26
\BOOKMARK [2][-]{subsection.2.12}{\376\377\000A\000r\000e\000\040\000t\000h\000e\000r\000e\000\040\000a\000n\000y\000\040\000a\000c\000c\000e\000s\000s\000i\000b\000i\000l\000i\000t\000y\000\040\000t\000o\000o\000l\000s\000\040\000f\000o\000r\000\040\000i\000n\000j\000e\000c\000t\000i\000o\000n\000s\000?}{section.2}% 27
\BOOKMARK [2][-]{subsection.2.13}{\376\377\000B\000u\000t\000\040\000I\000\040\000a\000m\000\040\000s\000p\000e\000c\000i\000a\000l\000\040\000a\000n\000d\000\040\000c\000a\000n\040\031\000t\000\040\000i\000n\000j\000e\000c\000t\000\040\000b\000e\000c\000a\000u\000s\000e\000\040\000I\000\040\000h\000a\000v\000e\000\040\000g\000l\000a\000s\000s\000\040\000b\000o\000n\000e\000s\000\040\000a\000n\000d\000\040\000p\000a\000p\000e\000r\000\040\000s\000k\000i\000n\000\040\000a\000n\000d\040\024\000?}{section.2}% 28
\BOOKMARK [1][-]{section.3}{\376\377\000T\000Y\000P\000E\000S\000\040\000A\000N\000D\000\040\000D\000O\000S\000A\000G\000E\000S}{}% 29
\BOOKMARK [2][-]{section*.4}{\376\377\040\024\000\040\000K\000e\000y\000\040\000V\000o\000c\000a\000b\000u\000l\000a\000r\000y}{section.3}% 30
\BOOKMARK [2][-]{subsection.3.1}{\376\377\000W\000h\000a\000t\000\040\000a\000r\000e\000\040\000t\000h\000e\000\040\000d\000i\000f\000f\000e\000r\000e\000n\000t\000\040\000t\000y\000p\000e\000s\000\040\000o\000f\000\040\000i\000n\000j\000e\000c\000t\000a\000b\000l\000e\000\040\000e\000s\000t\000r\000o\000g\000e\000n\000?}{section.3}% 31
\BOOKMARK [2][-]{subsection.3.2}{\376\377\000W\000h\000a\000t\000\040\000a\000r\000e\000\040\000t\000h\000e\000\040\000d\000i\000f\000f\000e\000r\000e\000n\000c\000e\000s\000\040\000b\000e\000t\000w\000e\000e\000n\000\040\000e\000a\000c\000h\000\040\000t\000y\000p\000e\000\040\000o\000f\000\040\000i\000n\000j\000e\000c\000t\000a\000b\000l\000e\000\040\000e\000s\000t\000r\000o\000g\000e\000n\000?}{section.3}% 32
\BOOKMARK [2][-]{subsection.3.3}{\376\377\000D\000o\000e\000s\000\040\000o\000n\000e\000\040\000t\000y\000p\000e\000\040\000o\000f\000\040\000i\000n\000j\000e\000c\000t\000a\000b\000l\000e\000\040\000e\000s\000t\000r\000o\000g\000e\000n\000\040\000f\000e\000m\000i\000n\000i\000z\000e\000\040\000b\000e\000t\000t\000e\000r\000\040\000t\000h\000a\000n\000\040\000a\000n\000o\000t\000h\000e\000r\000?}{section.3}% 33
\BOOKMARK [2][-]{subsection.3.4}{\376\377\000W\000h\000a\000t\000\040\000t\000y\000p\000e\000\040\000o\000f\000\040\000i\000n\000j\000e\000c\000t\000a\000b\000l\000e\000\040\000e\000s\000t\000r\000o\000g\000e\000n\000\040\000s\000h\000o\000u\000l\000d\000\040\000I\000\040\000c\000h\000o\000o\000s\000e\000\040\000i\000f\000\040\000I\000\040\000h\000a\000v\000e\000\040\000t\000h\000e\000\040\000c\000h\000o\000i\000c\000e\000?}{section.3}% 34
\BOOKMARK [2][-]{subsection.3.5}{\376\377\000W\000h\000a\000t\000\040\000i\000s\000\040\040\034\000c\000o\000n\000c\000e\000n\000t\000r\000a\000t\000i\000o\000n\040\035\000?}{section.3}% 35
\BOOKMARK [2][-]{subsection.3.6}{\376\377\000W\000h\000a\000t\000\040\000i\000s\000\040\000m\000e\000a\000n\000t\000\040\000b\000y\000\040\040\034\000d\000o\000s\000a\000g\000e\000\040\000a\000n\000d\000\040\000f\000r\000e\000q\000u\000e\000n\000c\000y\040\035\000?}{section.3}% 36
\BOOKMARK [2][-]{subsection.3.7}{\376\377\000H\000o\000w\000\040\000d\000o\000\040\000I\000\040\000k\000n\000o\000w\000\040\000w\000h\000a\000t\000\040\000m\000y\000\040\000d\000o\000s\000a\000g\000e\000\040\000i\000s\000?}{section.3}% 37
\BOOKMARK [2][-]{subsection.3.8}{\376\377\000W\000h\000a\000t\000\040\000a\000r\000e\000\040\000s\000o\000m\000e\000\040\000e\000x\000a\000m\000p\000l\000e\000\040\000d\000o\000s\000a\000g\000e\000\040\000c\000a\000l\000c\000u\000l\000a\000t\000i\000o\000n\000s\000?}{section.3}% 38
\BOOKMARK [2][-]{subsection.3.9}{\376\377\000H\000o\000w\000\040\000d\000o\000\040\000I\000\040\000c\000o\000n\000v\000e\000r\000t\000\040\000d\000o\000s\000a\000g\000e\000s\000\040\000b\000e\000t\000w\000e\000e\000n\000\040\000e\000s\000t\000e\000r\000s\000?}{section.3}% 39
\BOOKMARK [2][-]{subsection.3.10}{\376\377\000H\000o\000w\000\040\000c\000a\000n\000\040\000I\000\040\000c\000o\000m\000p\000a\000r\000e\000\040\000d\000i\000f\000f\000e\000r\000e\000n\000t\000\040\000c\000u\000r\000v\000e\000s\000\040\000a\000n\000d\000\040\000d\000o\000s\000a\000g\000e\000s\000\040\000b\000e\000t\000w\000e\000e\000n\000\040\000e\000s\000t\000e\000r\000s\000?}{section.3}% 40
\BOOKMARK [2][-]{section*.6}{\376\377\040\024\000\040\000M\000e\000e\000t\000\040\000Y\000o\000u\000r\000\040\000E\000s\000t\000e\000r\000s}{section.3}% 41
\BOOKMARK [2][-]{subsection.3.11}{\376\377\000H\000o\000w\000\040\000d\000o\000\040\000I\000\040\000d\000o\000s\000e\000\040\000e\000s\000t\000r\000a\000d\000i\000o\000l\000\040\000v\000a\000l\000e\000r\000a\000t\000e\000?}{section.3}% 42
\BOOKMARK [2][-]{subsection.3.12}{\376\377\000H\000o\000w\000\040\000i\000s\000\040\000t\000h\000e\000\040\000h\000o\000r\000m\000o\000n\000e\000\040\000c\000u\000r\000v\000e\000\040\000f\000o\000r\000\040\000e\000s\000t\000r\000a\000d\000i\000o\000l\000\040\000v\000a\000l\000e\000r\000a\000t\000e\000\040\000c\000h\000a\000r\000a\000c\000t\000e\000r\000i\000z\000e\000d\000?}{section.3}% 43
\BOOKMARK [2][-]{subsection.3.13}{\376\377\000H\000o\000w\000\040\000d\000o\000\040\000I\000\040\000d\000o\000s\000e\000\040\000e\000s\000t\000r\000a\000d\000i\000o\000l\000\040\000c\000y\000p\000i\000o\000n\000a\000t\000e\000?}{section.3}% 44
\BOOKMARK [2][-]{subsection.3.14}{\376\377\000H\000o\000w\000\040\000i\000s\000\040\000t\000h\000e\000\040\000h\000o\000r\000m\000o\000n\000e\000\040\000c\000u\000r\000v\000e\000\040\000f\000o\000r\000\040\000e\000s\000t\000r\000a\000d\000i\000o\000l\000\040\000c\000y\000p\000i\000o\000n\000a\000t\000e\000\040\000c\000h\000a\000r\000a\000c\000t\000e\000r\000i\000z\000e\000d\000?}{section.3}% 45
\BOOKMARK [2][-]{subsection.3.15}{\376\377\000H\000o\000w\000\040\000d\000o\000\040\000I\000\040\000d\000o\000s\000e\000\040\000e\000s\000t\000r\000a\000d\000i\000o\000l\000\040\000e\000n\000a\000n\000t\000h\000a\000t\000e\000?}{section.3}% 46
\BOOKMARK [2][-]{subsection.3.16}{\376\377\000H\000o\000w\000\040\000i\000s\000\040\000t\000h\000e\000\040\000h\000o\000r\000m\000o\000n\000e\000\040\000c\000u\000r\000v\000e\000\040\000f\000o\000r\000\040\000e\000s\000t\000r\000a\000d\000i\000o\000l\000\040\000e\000n\000a\000n\000t\000h\000a\000t\000e\000\040\000c\000h\000a\000r\000a\000c\000t\000e\000r\000i\000z\000e\000d\000?}{section.3}% 47
\BOOKMARK [2][-]{subsection.3.17}{\376\377\000H\000o\000w\000\040\000d\000o\000\040\000I\000\040\000d\000o\000s\000e\000\040\000e\000s\000t\000r\000a\000d\000i\000o\000l\000\040\000u\000n\000d\000e\000c\000y\000l\000a\000t\000e\000?}{section.3}% 48
\BOOKMARK [2][-]{subsection.3.18}{\376\377\000H\000o\000w\000\040\000i\000s\000\040\000t\000h\000e\000\040\000h\000o\000r\000m\000o\000n\000e\000\040\000c\000u\000r\000v\000e\000\040\000f\000o\000r\000\040\000e\000s\000t\000r\000a\000d\000i\000o\000l\000\040\000u\000n\000d\000e\000c\000y\000l\000a\000t\000e\000\040\000c\000h\000a\000r\000a\000c\000t\000e\000r\000i\000z\000e\000d\000?}{section.3}% 49
\BOOKMARK [1][-]{section.4}{\376\377\000B\000L\000O\000O\000D\000\040\000T\000E\000S\000T\000S\000\040\000A\000N\000D\000\040\000L\000E\000V\000E\000L\000S}{}% 50
\BOOKMARK [2][-]{section*.11}{\376\377\040\024\000\040\000A\000c\000q\000u\000i\000r\000i\000n\000g\000\040\000R\000e\000s\000u\000l\000t\000s}{section.4}% 51
\BOOKMARK [2][-]{subsection.4.1}{\376\377\000H\000o\000w\000\040\000o\000f\000t\000e\000n\000\040\000s\000h\000o\000u\000l\000d\000\040\000I\000\040\000t\000e\000s\000t\000\040\000m\000y\000\040\000l\000e\000v\000e\000l\000s\000?}{section.4}% 52
\BOOKMARK [2][-]{subsection.4.2}{\376\377\000D\000o\000\040\000I\000\040\000h\000a\000v\000e\000\040\000t\000o\000\040\000t\000e\000s\000t\000\040\000m\000y\000\040\000l\000e\000v\000e\000l\000s\000\040\000b\000e\000f\000o\000r\000e\000\040\000s\000t\000a\000r\000t\000i\000n\000g\000\040\000H\000R\000T\000?}{section.4}% 53
\BOOKMARK [2][-]{subsection.4.3}{\376\377\000D\000o\000\040\000I\000\040\000h\000a\000v\000e\000\040\000t\000o\000\040\000t\000e\000s\000t\000\040\000m\000y\000\040\000l\000e\000v\000e\000l\000s\000\040\000i\000f\000\040\000I\000\040\000h\000a\000v\000e\000n\040\031\000t\000\040\000c\000h\000a\000n\000g\000e\000d\000\040\000m\000y\000\040\000d\000o\000s\000a\000g\000e\000\040\000i\000n\000\040\000a\000\040\000l\000o\000n\000g\000\040\000t\000i\000m\000e\000?}{section.4}% 54
\BOOKMARK [2][-]{subsection.4.4}{\376\377\000I\000\040\000d\000o\000n\040\031\000t\000\040\000h\000a\000v\000e\000\040\000i\000n\000s\000u\000r\000a\000n\000c\000e\000\040\000o\000r\000\040\000a\000\040\000d\000o\000c\000t\000o\000r\000.\000\040\000W\000h\000e\000r\000e\000\040\000c\000a\000n\000\040\000I\000\040\000g\000e\000t\000\040\000a\000\040\000b\000l\000o\000o\000d\000\040\000t\000e\000s\000t\000?}{section.4}% 55
\BOOKMARK [2][-]{subsection.4.5}{\376\377\000I\000\040\000c\000a\000n\040\031\000t\000\040\000g\000e\000t\000\040\000/\000\040\000a\000f\000f\000o\000r\000d\000\040\000a\000\040\000b\000l\000o\000o\000d\000\040\000t\000e\000s\000t\000.\000\040\000C\000a\000n\000\040\000I\000\040\000s\000t\000i\000l\000l\000\040\000d\000o\000\040\000H\000R\000T\000?}{section.4}% 56
\BOOKMARK [2][-]{subsection.4.6}{\376\377\000W\000h\000a\000t\000\040\000s\000h\000o\000u\000l\000d\000\040\000I\000\040\000t\000e\000s\000t\000\040\000f\000o\000r\000?}{section.4}% 57
\BOOKMARK [2][-]{subsection.4.7}{\376\377\000W\000h\000e\000n\000\040\000s\000h\000o\000u\000l\000d\000\040\000I\000\040\000t\000a\000k\000e\000\040\000a\000\040\000b\000l\000o\000o\000d\000\040\000t\000e\000s\000t\000\040\000d\000u\000r\000i\000n\000g\000\040\000m\000y\000\040\000h\000o\000r\000m\000o\000n\000e\000\040\000c\000y\000c\000l\000e\000?}{section.4}% 58
\BOOKMARK [2][-]{subsection.4.8}{\376\377\000M\000y\000\040\000d\000o\000c\000t\000o\000r\000\040\000s\000a\000i\000d\000\040\000t\000o\000\040\000t\000a\000k\000e\000\040\000m\000i\000d\000-\000p\000o\000i\000n\000t\000\040\000/\000\040\000p\000e\000a\000k\000\040\000l\000e\000v\000e\000l\000\040\000b\000l\000o\000o\000d\000\040\000t\000e\000s\000t\000s\000,\000\040\000s\000h\000o\000u\000l\000d\000\040\000I\000?}{section.4}% 59
\BOOKMARK [2][-]{section*.12}{\376\377\040\024\000\040\000I\000n\000t\000e\000r\000p\000r\000e\000t\000i\000n\000g\000\040\000R\000e\000s\000u\000l\000t\000s}{section.4}% 60
\BOOKMARK [2][-]{subsection.4.9}{\376\377\000W\000h\000a\000t\000\040\000e\000s\000t\000r\000o\000g\000e\000n\000\040\000l\000e\000v\000e\000l\000s\000\040\000d\000o\000\040\000I\000\040\000w\000a\000n\000t\000?}{section.4}% 61
\BOOKMARK [2][-]{subsection.4.10}{\376\377\000D\000o\000\040\000h\000i\000g\000h\000e\000r\000\040\000e\000s\000t\000r\000o\000g\000e\000n\000\040\000l\000e\000v\000e\000l\000s\000\040\000f\000e\000m\000i\000n\000i\000z\000e\000\040\000b\000e\000t\000t\000e\000r\000\040\000o\000r\000\040\000f\000a\000s\000t\000e\000r\000?}{section.4}% 62
\BOOKMARK [2][-]{subsection.4.11}{\376\377\000O\000k\000a\000y\000,\000\040\000b\000u\000t\000\040\000w\000h\000a\000t\000\040\000n\000u\000m\000b\000e\000r\000\040\000d\000o\000\040\000I\000\040\000w\000a\000n\000t\000\040\000t\000o\000\040\000s\000e\000e\000\040\000f\000r\000o\000m\000\040\000m\000y\000\040\000e\000s\000t\000r\000o\000g\000e\000n\000\040\000l\000a\000b\000\040\000r\000e\000s\000u\000l\000t\000?}{section.4}% 63
\BOOKMARK [2][-]{subsection.4.12}{\376\377\000W\000h\000a\000t\000\040\000t\000e\000s\000t\000o\000s\000t\000e\000r\000o\000n\000e\000\040\000l\000e\000v\000e\000l\000s\000\040\000d\000o\000\040\000I\000\040\000w\000a\000n\000t\000?}{section.4}% 64
\BOOKMARK [2][-]{subsection.4.13}{\376\377\000I\000\040\000n\000a\000t\000u\000r\000a\000l\000l\000y\000\040\000h\000a\000v\000e\000\040\000h\000i\000g\000h\000/\000l\000o\000w\000\040\000T\000.\000\040\000D\000o\000\040\000I\000\040\000n\000e\000e\000d\000\040\000t\000o\000\040\000a\000d\000j\000u\000s\000t\000\040\000m\000y\000\040\000d\000o\000s\000a\000g\000e\000?}{section.4}% 65
\BOOKMARK [2][-]{subsection.4.14}{\376\377\000I\000\040\000h\000a\000v\000e\000\040\000h\000a\000d\000\040\000b\000o\000t\000t\000o\000m\000\040\000s\000u\000r\000g\000e\000r\000y\000.\000\040\000D\000o\000\040\000m\000y\000\040\000e\000s\000t\000r\000o\000g\000e\000n\000\040\000l\000e\000v\000e\000l\000s\000\040\000n\000e\000e\000d\000\040\000t\000o\000\040\000b\000e\000\040\000d\000i\000f\000f\000e\000r\000e\000n\000t\000?}{section.4}% 66
\BOOKMARK [2][-]{subsection.4.15}{\376\377\000I\000s\000\040\000t\000h\000e\000r\000e\000\040\000a\000n\000y\000t\000h\000i\000n\000g\000\040\000t\000h\000a\000t\000\040\000c\000a\000n\000\040\000c\000a\000u\000s\000e\000\040\000a\000\040\000b\000l\000o\000o\000d\000\040\000t\000e\000s\000t\000\040\000t\000o\000\040\000b\000e\000\040\000i\000n\000a\000c\000c\000u\000r\000a\000t\000e\000?}{section.4}% 67
\BOOKMARK [2][-]{subsection.4.16}{\376\377\000D\000o\000\040\000d\000i\000f\000f\000e\000r\000e\000n\000t\000\040\000e\000s\000t\000r\000o\000g\000e\000n\000\040\000e\000s\000t\000e\000r\000s\000\040\000o\000r\000\040\000a\000d\000m\000i\000n\000i\000s\000t\000r\000a\000t\000i\000o\000n\000\040\000r\000o\000u\000t\000e\000s\000\040\000s\000h\000o\000w\000\040\000u\000p\000\040\000d\000i\000f\000f\000e\000r\000e\000n\000t\000l\000y\000\040\000o\000n\000\040\000b\000l\000o\000o\000d\000\040\000t\000e\000s\000t\000s\000?}{section.4}% 68
\BOOKMARK [1][-]{section.5}{\376\377\000T\000E\000C\000H\000N\000I\000Q\000U\000E\000\040\000A\000N\000D\000\040\000S\000U\000P\000P\000L\000I\000E\000S}{}% 69
\BOOKMARK [2][-]{section*.13}{\376\377\040\024\000\040\000S\000i\000t\000e\000s\000\040\000\046\000\040\000S\000a\000f\000e\000t\000y}{section.5}% 70
\BOOKMARK [2][-]{subsection.5.1}{\376\377\000H\000o\000w\000\040\000d\000o\000\040\000I\000\040\000s\000a\000f\000e\000l\000y\000\040\000p\000e\000r\000f\000o\000r\000m\000\040\000a\000n\000\040\000i\000n\000j\000e\000c\000t\000i\000o\000n\000?}{section.5}% 71
\BOOKMARK [2][-]{subsection.5.2}{\376\377\000D\000o\000\040\000I\000\040\000h\000a\000v\000e\000\040\000t\000o\000\040\000i\000n\000j\000e\000c\000t\000\040\000e\000x\000a\000c\000t\000l\000y\000\040\000l\000i\000k\000e\000\040\000t\000h\000i\000s\000?}{section.5}% 72
\BOOKMARK [2][-]{subsection.5.3}{\376\377\000H\000o\000w\000\040\000d\000o\000\040\000I\000\040\000g\000e\000t\000\040\000p\000a\000s\000t\000\040\000i\000n\000j\000e\000c\000t\000i\000o\000n\000\040\000a\000n\000x\000i\000e\000t\000y\000?}{section.5}% 73
\BOOKMARK [2][-]{subsection.5.4}{\376\377\000D\000o\000e\000s\000\040\000i\000t\000\040\000m\000a\000t\000t\000e\000r\000\040\000w\000h\000e\000r\000e\000\040\000I\000\040\000i\000n\000j\000e\000c\000t\000\040\000i\000n\000\040\000m\000y\000\040\000b\000o\000d\000y\000?}{section.5}% 74
\BOOKMARK [2][-]{subsection.5.5}{\376\377\000W\000h\000a\000t\000\040\000i\000n\000j\000e\000c\000t\000i\000o\000n\000\040\000s\000i\000t\000e\000s\000\040\000a\000r\000e\000\040\000s\000a\000f\000e\000?}{section.5}% 75
\BOOKMARK [2][-]{subsection.5.6}{\376\377\000W\000h\000a\000t\000\040\000d\000o\000\040\040\034\000i\000n\000t\000r\000a\000m\000u\000s\000c\000u\000l\000a\000r\040\035\000\040\000\050\000I\000M\000\051\000\040\000a\000n\000d\000\040\040\034\000s\000u\000b\000c\000u\000t\000a\000n\000e\000o\000u\000s\040\035\000\040\000\050\000S\000u\000b\000Q\000/\000S\000C\000\051\000\040\000m\000e\000a\000n\000?}{section.5}% 76
\BOOKMARK [2][-]{subsection.5.7}{\376\377\000W\000h\000a\000t\000\040\000i\000s\000\040\000t\000h\000e\000\040\000d\000i\000f\000f\000e\000r\000e\000n\000c\000e\000\040\000b\000e\000t\000w\000e\000e\000n\000\040\000i\000n\000t\000r\000a\000m\000u\000s\000c\000u\000l\000a\000r\000\040\000i\000n\000j\000e\000c\000t\000i\000o\000n\000s\000\040\000\050\000I\000M\000\051\000\040\000a\000n\000d\000\040\000s\000u\000b\000c\000u\000t\000a\000n\000e\000o\000u\000s\000\040\000i\000n\000j\000e\000c\000t\000i\000o\000n\000s\000\040\000\050\000S\000u\000b\000Q\000/\000S\000C\000\051\000?}{section.5}% 77
\BOOKMARK [2][-]{subsection.5.8}{\376\377\000S\000h\000o\000u\000l\000d\000\040\000I\000\040\000p\000e\000r\000f\000o\000r\000m\000\040\000i\000n\000t\000r\000a\000m\000u\000s\000c\000u\000l\000a\000r\000\040\000i\000n\000j\000e\000c\000t\000i\000o\000n\000s\000\040\000\050\000I\000M\000\051\000\040\000o\000r\000\040\000s\000u\000b\000c\000u\000t\000a\000n\000e\000o\000u\000s\000\040\000i\000n\000j\000e\000c\000t\000i\000o\000n\000s\000\040\000\050\000S\000u\000b\000Q\000/\000S\000C\000\051\000?}{section.5}% 78
\BOOKMARK [2][-]{subsection.5.9}{\376\377\000D\000o\000e\000s\000\040\000m\000y\000\040\000i\000n\000j\000e\000c\000t\000i\000o\000n\000\040\000a\000n\000g\000l\000e\000\040\000a\000n\000d\000/\000o\000r\000\040\000p\000r\000e\000f\000e\000r\000r\000e\000d\000\040\000i\000n\000j\000e\000c\000t\000i\000o\000n\000\040\000m\000e\000t\000h\000o\000d\000\040\000m\000a\000t\000t\000e\000r\000?}{section.5}% 79
\BOOKMARK [2][-]{subsection.5.10}{\376\377\000D\000o\000\040\000I\000\040\000h\000a\000v\000e\000\040\000t\000o\000\040\000a\000s\000p\000i\000r\000a\000t\000e\000?}{section.5}% 80
\BOOKMARK [2][-]{subsection.5.11}{\376\377\000H\000o\000w\000\040\000d\000o\000\040\000I\000\040\000m\000i\000n\000i\000m\000i\000z\000e\000\040\000p\000a\000i\000n\000\040\000d\000u\000r\000i\000n\000g\000\040\000i\000n\000j\000e\000c\000t\000i\000o\000n\000?}{section.5}% 81
\BOOKMARK [2][-]{section*.14}{\376\377\040\024\000\040\000K\000n\000o\000w\000i\000n\000g\000\040\000Y\000o\000u\000r\000\040\000N\000e\000e\000d\000l\000e\000s}{section.5}% 82
\BOOKMARK [2][-]{subsection.5.12}{\376\377\000W\000h\000a\000t\000\040\000i\000s\000\040\040\034\000n\000e\000e\000d\000l\000e\000\040\000g\000a\000u\000g\000e\040\035\000?}{section.5}% 83
\BOOKMARK [2][-]{subsection.5.13}{\376\377\000W\000h\000a\000t\000\040\000a\000r\000e\000\040\040\034\000L\000u\000e\000r\000\040\000l\000o\000c\000k\040\035\000\040\000a\000n\000d\000\040\040\034\000i\000n\000s\000u\000l\000i\000n\040\035\000\040\000s\000y\000r\000i\000n\000g\000e\000/\000n\000e\000e\000d\000l\000e\000s\000?}{section.5}% 84
\BOOKMARK [2][-]{subsection.5.14}{\376\377\000W\000h\000a\000t\000\040\000n\000e\000e\000d\000l\000e\000\040\000g\000a\000u\000g\000e\000\040\000s\000h\000o\000u\000l\000d\000\040\000I\000\040\000d\000r\000a\000w\000\040\000w\000i\000t\000h\000?}{section.5}% 85
\BOOKMARK [2][-]{subsection.5.15}{\376\377\000W\000h\000a\000t\000\040\000n\000e\000e\000d\000l\000e\000\040\000l\000e\000n\000g\000t\000h\000\040\000s\000h\000o\000u\000l\000d\000\040\000I\000\040\000d\000r\000a\000w\000\040\000w\000i\000t\000h\000?}{section.5}% 86
\BOOKMARK [2][-]{subsection.5.16}{\376\377\000W\000h\000a\000t\000\040\000n\000e\000e\000d\000l\000e\000\040\000g\000a\000u\000g\000e\000\040\000s\000h\000o\000u\000l\000d\000\040\000I\000\040\000i\000n\000j\000e\000c\000t\000\040\000w\000i\000t\000h\000?}{section.5}% 87
\BOOKMARK [2][-]{subsection.5.17}{\376\377\000W\000h\000a\000t\000\040\000n\000e\000e\000d\000l\000e\000\040\000l\000e\000n\000g\000t\000h\000\040\000s\000h\000o\000u\000l\000d\000\040\000I\000\040\000i\000n\000j\000e\000c\000t\000\040\000w\000i\000t\000h\000?}{section.5}% 88
\BOOKMARK [2][-]{subsection.5.18}{\376\377\000D\000o\000e\000s\000\040\000s\000y\000r\000i\000n\000g\000e\000\040\000s\000i\000z\000e\000\040\000m\000a\000t\000t\000e\000r\000?}{section.5}% 89
\BOOKMARK [2][-]{subsection.5.19}{\376\377\000W\000h\000e\000r\000e\000\040\000d\000o\000\040\000I\000\040\000b\000u\000y\000\040\000s\000y\000r\000i\000n\000g\000e\000s\000\040\000a\000n\000d\000\040\000n\000e\000e\000d\000l\000e\000s\000?}{section.5}% 90
\BOOKMARK [2][-]{subsection.5.20}{\376\377\000I\000s\000\040\000i\000t\000\040\000o\000k\000a\000y\000\040\000i\000f\000\040\000I\000\040\000r\000e\000u\000s\000e\000\040\000n\000e\000e\000d\000l\000e\000s\000\040\000o\000r\000\040\000s\000y\000r\000i\000n\000g\000e\000s\000?}{section.5}% 91
\BOOKMARK [2][-]{subsection.5.21}{\376\377\000W\000h\000a\000t\000\040\000i\000f\000\040\000I\000\040\000w\000a\000n\000t\000\040\000t\000o\000\040\000d\000o\000\040\000i\000n\000j\000e\000c\000t\000i\000o\000n\000s\000\040\000b\000u\000t\000\040\000h\000a\000v\000e\000\040\000d\000i\000f\000f\000i\000c\000u\000l\000t\000y\000\040\000p\000e\000r\000f\000o\000r\000m\000i\000n\000g\000\040\000i\000t\000\040\000o\000n\000\040\000m\000y\000s\000e\000l\000f\000?}{section.5}% 92
\BOOKMARK [2][-]{section*.15}{\376\377\040\024\000\040\000B\000a\000s\000i\000c\000s\000\040\000o\000f\000\040\000a\000\040\000V\000i\000a\000l}{section.5}% 93
\BOOKMARK [2][-]{subsection.5.22}{\376\377\000W\000h\000a\000t\000\040\000s\000h\000o\000u\000l\000d\000\040\000I\000\040\000l\000o\000o\000k\000\040\000f\000o\000r\000\040\000w\000h\000e\000n\000\040\000i\000n\000s\000p\000e\000c\000t\000i\000n\000g\000\040\000v\000i\000a\000l\000s\000?}{section.5}% 94
\BOOKMARK [2][-]{subsection.5.23}{\376\377\000W\000h\000a\000t\000\040\000i\000s\000\040\040\034\000c\000o\000r\000i\000n\000g\040\035\000?}{section.5}% 95
\BOOKMARK [2][-]{subsection.5.24}{\376\377\000H\000o\000w\000\040\000l\000o\000n\000g\000\040\000u\000n\000t\000i\000l\000\040\000a\000\040\000v\000i\000a\000l\000\040\000e\000x\000p\000i\000r\000e\000s\000?}{section.5}% 96
\BOOKMARK [2][-]{subsection.5.25}{\376\377\000H\000o\000w\000\040\000s\000h\000o\000u\000l\000d\000\040\000I\000\040\000s\000t\000o\000r\000e\000\040\000a\000\040\000v\000i\000a\000l\000?}{section.5}% 97
\BOOKMARK [2][-]{subsection.5.26}{\376\377\000W\000h\000a\000t\000\040\000i\000s\000\040\040\034\000d\000e\000a\000d\000\040\000s\000p\000a\000c\000e\040\035\000?}{section.5}% 98
\BOOKMARK [2][-]{subsection.5.27}{\376\377\000W\000h\000a\000t\000\040\000d\000o\000\040\000I\000\040\000d\000o\000\040\000w\000i\000t\000h\000\040\000m\000y\000\040\000u\000s\000e\000d\000\040\000s\000y\000r\000i\000n\000g\000e\000s\000\040\000a\000n\000d\000\040\000n\000e\000e\000d\000l\000e\000s\000?}{section.5}% 99
\BOOKMARK [1][-]{section.6}{\376\377\000S\000O\000U\000R\000C\000I\000N\000G\000\040\000V\000I\000A\000L\000S}{}% 100
\BOOKMARK [2][-]{subsection.6.1}{\376\377\000W\000h\000e\000r\000e\000\040\000d\000o\000\040\000I\000\040\000g\000e\000t\000\040\000e\000s\000t\000r\000o\000g\000e\000n\000\040\000v\000i\000a\000l\000s\000\040\000t\000o\000\040\000i\000n\000j\000e\000c\000t\000?}{section.6}% 101
\BOOKMARK [2][-]{subsection.6.2}{\376\377\000S\000h\000o\000u\000l\000d\000\040\000I\000\040\000u\000s\000e\000\040\000p\000h\000a\000r\000m\000a\000c\000e\000u\000t\000i\000c\000a\000l\000\040\000s\000o\000u\000r\000c\000e\000s\000\040\000o\000r\000\040\000D\000I\000Y\000\040\000s\000o\000u\000r\000c\000e\000s\000?}{section.6}% 102
\BOOKMARK [2][-]{section*.16}{\376\377\040\024\000\040\000P\000h\000a\000r\000m\000a\000c\000e\000u\000t\000i\000c\000a\000l\000\040\000S\000o\000u\000r\000c\000i\000n\000g}{section.6}% 103
\BOOKMARK [2][-]{subsection.6.3}{\376\377\000W\000h\000a\000t\000\040\000a\000r\000e\000\040\000t\000h\000e\000\040\000p\000r\000o\000s\000\040\000o\000f\000\040\000p\000h\000a\000r\000m\000a\000c\000e\000u\000t\000i\000c\000a\000l\000\040\000s\000o\000u\000r\000c\000e\000s\000?}{section.6}% 104
\BOOKMARK [2][-]{subsection.6.4}{\376\377\000W\000h\000a\000t\000\040\000a\000r\000e\000\040\000t\000h\000e\000\040\000c\000o\000n\000s\000\040\000o\000f\000\040\000p\000h\000a\000r\000m\000a\000c\000e\000u\000t\000i\000c\000a\000l\000\040\000s\000o\000u\000r\000c\000e\000s\000?}{section.6}% 105
\BOOKMARK [2][-]{section*.17}{\376\377\040\024\000\040\000D\000I\000Y\000\040\000S\000o\000u\000r\000c\000i\000n\000g}{section.6}% 106
\BOOKMARK [2][-]{subsection.6.5}{\376\377\000W\000h\000a\000t\000\040\000a\000r\000e\000\040\000t\000h\000e\000\040\000p\000r\000o\000s\000\040\000o\000f\000\040\000D\000I\000Y\000\040\000s\000o\000u\000r\000c\000e\000s\000?}{section.6}% 107
\BOOKMARK [2][-]{subsection.6.6}{\376\377\000W\000h\000a\000t\000\040\000a\000r\000e\000\040\000t\000h\000e\000\040\000c\000o\000n\000s\000\040\000o\000f\000\040\000D\000I\000Y\000\040\000s\000o\000u\000r\000c\000e\000s\000?}{section.6}% 108
\BOOKMARK [2][-]{subsection.6.7}{\376\377\000W\000h\000a\000t\000\040\000t\000y\000p\000e\000s\000\040\000o\000f\000\040\000i\000n\000j\000e\000c\000t\000a\000b\000l\000e\000\040\000e\000s\000t\000r\000o\000g\000e\000n\000\040\000a\000r\000e\000\040\000D\000I\000Y\000\040\000o\000n\000l\000y\000?}{section.6}% 109
\BOOKMARK [2][-]{subsection.6.8}{\376\377\000W\000h\000a\000t\000\040\000a\000c\000t\000u\000a\000l\000l\000y\000\040\000a\000r\000e\000\040\000D\000I\000Y\000\040\000s\000o\000u\000r\000c\000e\000s\000?}{section.6}% 110
\BOOKMARK [2][-]{subsection.6.9}{\376\377\000W\000h\000e\000r\000e\000\040\000c\000a\000n\000\040\000I\000\040\000g\000e\000t\000\040\000D\000I\000Y\000\040\000v\000i\000a\000l\000s\000?}{section.6}% 111
\BOOKMARK [2][-]{subsection.6.10}{\376\377\000H\000o\000w\000\040\000c\000a\000n\000\040\000D\000I\000Y\000\040\000s\000o\000u\000r\000c\000e\000s\000\040\000b\000e\000\040\000c\000h\000e\000a\000p\000e\000r\000\040\000t\000h\000a\000n\000\040\000p\000h\000a\000r\000m\000a\000c\000e\000u\000t\000i\000c\000a\000l\000\040\000s\000o\000u\000r\000c\000e\000s\000?}{section.6}% 112
\BOOKMARK [2][-]{subsection.6.11}{\376\377\000I\000s\000\040\000D\000I\000Y\000\040\000l\000e\000g\000a\000l\000?}{section.6}% 113
\BOOKMARK [2][-]{subsection.6.12}{\376\377\000I\000s\000\040\000D\000I\000Y\000\040\000s\000a\000f\000e\000?}{section.6}% 114
\BOOKMARK [2][-]{subsection.6.13}{\376\377\000W\000h\000a\000t\000\040\000t\000h\000i\000n\000g\000s\000\040\000s\000h\000o\000u\000l\000d\000\040\000I\000\040\000l\000o\000o\000k\000\040\000f\000o\000r\000\040\000t\000o\000\040\000k\000n\000o\000w\000\040\000i\000f\000\040\000a\000\040\000D\000I\000Y\000\040\000s\000o\000u\000r\000c\000e\000\040\000i\000s\000\040\000t\000r\000u\000s\000t\000w\000o\000r\000t\000h\000y\000?}{section.6}% 115
\BOOKMARK [2][-]{subsection.6.14}{\376\377\000S\000h\000o\000u\000l\000d\000\040\000I\000\040\000h\000o\000l\000d\000\040\000d\000i\000f\000f\000e\000r\000e\000n\000t\000\040\000D\000I\000Y\000\040\000s\000o\000u\000r\000c\000e\000s\000\040\000t\000o\000\040\000d\000i\000f\000f\000e\000r\000e\000n\000t\000\040\000s\000t\000a\000n\000d\000a\000r\000d\000s\000?}{section.6}% 116
\BOOKMARK [2][-]{section*.18}{\376\377\040\024\000\040\000A\000n\000a\000t\000o\000m\000y\000\040\000o\000f\000\040\000a\000\040\000V\000i\000a\000l}{section.6}% 117
\BOOKMARK [2][-]{subsection.6.15}{\376\377\000W\000h\000a\000t\000\040\000s\000h\000o\000u\000l\000d\000\040\000I\000\040\000l\000o\000o\000k\000\040\000f\000o\000r\000\040\000i\000n\000\040\000a\000\040\000v\000i\000a\000l\000?}{section.6}% 118
\BOOKMARK [2][-]{subsection.6.16}{\376\377\000W\000h\000a\000t\000\040\000c\000a\000r\000r\000i\000e\000r\000\040\000o\000i\000l\000\040\000s\000h\000o\000u\000l\000d\000\040\000I\000\040\000l\000o\000o\000k\000\040\000f\000o\000r\000\040\000i\000n\000\040\000a\000\040\000v\000i\000a\000l\000?}{section.6}% 119
\BOOKMARK [2][-]{subsection.6.17}{\376\377\000W\000h\000a\000t\000\040\000p\000r\000e\000s\000e\000r\000v\000a\000t\000i\000v\000e\000s\000\040\000s\000h\000o\000u\000l\000d\000\040\000I\000\040\000l\000o\000o\000k\000\040\000f\000o\000r\000\040\000i\000n\000\040\000a\000\040\000v\000i\000a\000l\000?}{section.6}% 120
\BOOKMARK [2][-]{subsection.6.18}{\376\377\000W\000h\000a\000t\000\040\000c\000o\000s\000o\000l\000v\000e\000n\000t\000s\000\040\000s\000h\000o\000u\000l\000d\000\040\000I\000\040\000l\000o\000o\000k\000\040\000f\000o\000r\000\040\000i\000n\000\040\000a\000\040\000v\000i\000a\000l\000?}{section.6}% 121
\BOOKMARK [1][-]{section.7}{\376\377\000T\000R\000O\000U\000B\000L\000E\000S\000H\000O\000O\000T\000I\000N\000G}{}% 122
\BOOKMARK [2][-]{section*.19}{\376\377\040\024\000\040\000D\000o\000s\000a\000g\000e\000\040\000U\000n\000c\000e\000r\000t\000a\000i\000n\000t\000y}{section.7}% 123
\BOOKMARK [2][-]{subsection.7.1}{\376\377\000M\000y\000\040\000l\000e\000v\000e\000l\000s\000\040\000a\000r\000e\000n\040\031\000t\000\040\000w\000h\000a\000t\000\040\000I\000\040\000e\000x\000p\000e\000c\000t\000e\000d\000\040\000t\000h\000e\000m\000\040\000t\000o\000\040\000b\000e\000.\000\040\000W\000h\000y\000\040\000n\000o\000t\000?}{section.7}% 124
\BOOKMARK [2][-]{subsection.7.2}{\376\377\000C\000a\000n\000\040\000I\000\040\000c\000o\000m\000p\000a\000r\000e\000\040\000l\000e\000v\000e\000l\000s\000\040\000a\000c\000r\000o\000s\000s\000\040\000d\000i\000f\000f\000e\000r\000e\000n\000t\000\040\000t\000e\000s\000t\000s\000\040\000i\000f\000\040\000I\000\040\000d\000i\000d\000n\040\031\000t\000\040\000t\000e\000s\000t\000\040\000a\000t\000\040\000t\000r\000o\000u\000g\000h\000?}{section.7}% 125
\BOOKMARK [2][-]{subsection.7.3}{\376\377\000I\000\040\000f\000e\000e\000l\000\040\000r\000e\000a\000l\000l\000y\000\040\000b\000a\000d\000\040\000o\000n\000\040\000m\000y\000\040\000t\000r\000o\000u\000g\000h\000\040\000d\000a\000y\000s\000.\000\040\000W\000h\000a\000t\000\040\000s\000h\000o\000u\000l\000d\000\040\000I\000\040\000d\000o\000?}{section.7}% 126
\BOOKMARK [2][-]{section*.20}{\376\377\040\024\000\040\000I\000n\000j\000e\000c\000t\000i\000o\000n\000\040\000W\000o\000e\000s}{section.7}% 127
\BOOKMARK [2][-]{subsection.7.4}{\376\377\000T\000h\000e\000\040\000i\000n\000j\000e\000c\000t\000i\000o\000n\000\040\000i\000s\000\040\000h\000a\000r\000d\000e\000r\000\040\000t\000o\000\040\000d\000o\000\040\000w\000h\000e\000n\000\040\000i\000t\040\031\000s\000\040\000c\000o\000l\000d\000.\000\040\000W\000h\000a\000t\000\040\000s\000h\000o\000u\000l\000d\000\040\000I\000\040\000d\000o\000?}{section.7}% 128
\BOOKMARK [2][-]{subsection.7.5}{\376\377\000T\000h\000e\000\040\000i\000n\000j\000e\000c\000t\000i\000o\000n\000\040\000h\000u\000r\000t\000s\000\040\000m\000o\000r\000e\000\040\000w\000h\000e\000n\000\040\000i\000t\040\031\000s\000\040\000c\000o\000l\000d\000.\000\040\000W\000h\000a\000t\000\040\000s\000h\000o\000u\000l\000d\000\040\000I\000\040\000d\000o\000?}{section.7}% 129
\BOOKMARK [2][-]{subsection.7.6}{\376\377\000I\000\040\000b\000l\000e\000d\000\040\000a\000f\000t\000e\000r\000\040\000m\000y\000\040\000i\000n\000j\000e\000c\000t\000i\000o\000n\000.\000\040\000W\000i\000l\000l\000\040\000I\000\040\000d\000i\000e\000?}{section.7}% 130
\BOOKMARK [2][-]{subsection.7.7}{\376\377\000T\000h\000e\000r\000e\000\040\000w\000a\000s\000\040\000s\000o\000m\000e\000\040\000a\000i\000r\000\040\000i\000n\000\040\000m\000y\000\040\000s\000y\000r\000i\000n\000g\000e\000.\000\040\000W\000i\000l\000l\000\040\000I\000\040\000d\000i\000e\000?}{section.7}% 131
\BOOKMARK [2][-]{subsection.7.8}{\376\377\000S\000o\000m\000e\000\040\000o\000f\000\040\000t\000h\000e\000\040\000f\000l\000u\000i\000d\000\040\000l\000e\000a\000k\000e\000d\000\040\000o\000u\000t\000.\000\040\000W\000a\000s\000\040\000m\000y\000\040\000i\000n\000j\000e\000c\000t\000i\000o\000n\000\040\000w\000a\000s\000t\000e\000d\000\040\000a\000n\000d\000/\000o\000r\000\040\000w\000i\000l\000l\000\040\000I\000\040\000d\000i\000e\000?}{section.7}% 132
\BOOKMARK [2][-]{subsection.7.9}{\376\377\000S\000o\000m\000e\000t\000i\000m\000e\000s\000\040\000I\000\040\000a\000m\000\040\000r\000e\000a\000l\000l\000y\000\040\000s\000o\000r\000e\000\040\000a\000f\000t\000e\000r\000\040\000a\000n\000\040\000i\000n\000j\000e\000c\000t\000i\000o\000n\000.\000\040\000W\000i\000l\000l\000\040\000I\000\040\000d\000i\000e\000?}{section.7}% 133
\BOOKMARK [2][-]{subsection.7.10}{\376\377\000I\000\040\000a\000m\000\040\000e\000x\000p\000e\000r\000i\000e\000n\000c\000i\000n\000g\000\040\000a\000\040\000l\000o\000t\000\040\000o\000f\000\040\000i\000t\000c\000h\000i\000n\000e\000s\000s\000\040\000a\000n\000d\000\040\000i\000r\000r\000i\000t\000a\000t\000i\000o\000n\000\040\000a\000f\000t\000e\000r\000\040\000i\000n\000j\000e\000c\000t\000i\000n\000g\000.\000\040\000W\000i\000l\000l\000\040\000I\000\040\000d\000i\000e\000?}{section.7}% 134
\BOOKMARK [2][-]{subsection.7.11}{\376\377\000M\000y\000\040\000v\000i\000a\000l\000\040\000h\000a\000s\000\040\000c\000r\000y\000s\000t\000a\000l\000s\000\040\000i\000n\000\040\000i\000t\000.\000\040\000C\000a\000n\000\040\000I\000\040\000s\000t\000i\000l\000l\000\040\000u\000s\000e\000\040\000i\000t\000?}{section.7}% 135
\BOOKMARK [1][-]{section.8}{\376\377\000P\000R\000O\000G\000E\000S\000T\000E\000R\000O\000N\000E}{}% 136
\BOOKMARK [2][-]{subsection.8.1}{\376\377\000D\000o\000\040\000I\000\040\000w\000a\000n\000t\000\040\000t\000o\000\040\000t\000a\000k\000e\000\040\000p\000r\000o\000g\000e\000s\000t\000e\000r\000o\000n\000e\000?}{section.8}% 137
\BOOKMARK [2][-]{subsection.8.2}{\376\377\000W\000h\000a\000t\000\040\000i\000s\000\040\000t\000h\000e\000\040\000d\000i\000f\000f\000e\000r\000e\000n\000c\000e\000\040\000b\000e\000t\000w\000e\000e\000n\000\040\040\034\000p\000r\000o\000g\000e\000s\000t\000e\000r\000o\000n\000e\040\035\000\040\000v\000s\000\040\040\034\000p\000r\000o\000g\000e\000s\000t\000i\000n\040\035\000\040\000/\000\040\040\035\000p\000r\000o\000g\000e\000s\000t\000o\000g\000e\000n\040\035\000?}{section.8}% 138
\BOOKMARK [2][-]{subsection.8.3}{\376\377\000D\000o\000\040\000I\000\040\000w\000a\000n\000t\000\040\000p\000r\000o\000g\000e\000s\000t\000e\000r\000o\000n\000e\000\040\000o\000r\000\040\000a\000\040\000p\000r\000o\000g\000e\000s\000t\000i\000n\000?}{section.8}% 139
\BOOKMARK [2][-]{subsection.8.4}{\376\377\000W\000h\000a\000t\040\031\000s\000\040\000w\000r\000o\000n\000g\000\040\000w\000i\000t\000h\000\040\000p\000r\000o\000g\000e\000s\000t\000i\000n\000s\000?}{section.8}% 140
\BOOKMARK [2][-]{subsection.8.5}{\376\377\000W\000h\000a\000t\000\040\000d\000o\000e\000s\000\040\000p\000r\000o\000g\000e\000s\000t\000e\000r\000o\000n\000e\000\040\000d\000o\000\040\000f\000o\000r\000\040\000f\000e\000m\000i\000n\000i\000z\000a\000t\000i\000o\000n\000?}{section.8}% 141
\BOOKMARK [2][-]{subsection.8.6}{\376\377\000D\000o\000e\000s\000\040\000i\000t\000\040\000m\000a\000t\000t\000e\000r\000\040\000w\000h\000e\000n\000\040\000I\000\040\000s\000t\000a\000r\000t\000\040\000p\000r\000o\000g\000e\000s\000t\000e\000r\000o\000n\000e\000?}{section.8}% 142
\BOOKMARK [2][-]{subsection.8.7}{\376\377\000H\000o\000w\000\040\000i\000s\000\040\000p\000r\000o\000g\000e\000s\000t\000e\000r\000o\000n\000e\000\040\000n\000o\000r\000m\000a\000l\000l\000y\000\040\000t\000a\000k\000e\000n\000?}{section.8}% 143
\BOOKMARK [2][-]{subsection.8.8}{\376\377\000A\000r\000e\000\040\000y\000o\000u\000\040\000s\000e\000r\000i\000o\000u\000s\000\040\000t\000h\000a\000t\000\040\000p\000r\000o\000g\000e\000s\000t\000e\000r\000o\000n\000e\000\040\000s\000h\000o\000u\000l\000d\000\040\000b\000e\000\040\000t\000a\000k\000e\000n\000\040\000a\000s\000\040\000a\000\040\000s\000u\000p\000p\000o\000s\000i\000t\000o\000r\000y\000?}{section.8}% 144
\BOOKMARK [2][-]{subsection.8.9}{\376\377\000H\000o\000w\000\040\000d\000o\000\040\000I\000\040\000t\000a\000k\000e\000\040\000p\000r\000o\000g\000e\000s\000t\000e\000r\000o\000n\000e\000\040\000a\000s\000\040\000a\000\040\000s\000u\000p\000p\000o\000s\000i\000t\000o\000r\000y\000?}{section.8}% 145
\BOOKMARK [2][-]{subsection.8.10}{\376\377\000H\000o\000w\000\040\000m\000u\000c\000h\000\040\000p\000r\000o\000g\000e\000s\000t\000e\000r\000o\000n\000e\000\040\000s\000h\000o\000u\000l\000d\000\040\000I\000\040\000t\000a\000k\000e\000?}{section.8}% 146
\BOOKMARK [2][-]{subsection.8.11}{\376\377\000I\000s\000\040\000t\000h\000e\000r\000e\000\040\000a\000n\000y\000\040\000b\000e\000n\000e\000f\000i\000t\000\040\000t\000o\000\040\040\034\000c\000y\000c\000l\000i\000n\000g\040\035\000\040\000p\000r\000o\000g\000e\000s\000t\000e\000r\000o\000n\000e\000?}{section.8}% 147
\BOOKMARK [2][-]{subsection.8.12}{\376\377\000H\000o\000w\000\040\000l\000o\000n\000g\000\040\000s\000h\000o\000u\000l\000d\000\040\000I\000\040\000t\000a\000k\000e\000\040\000p\000r\000o\000g\000e\000s\000t\000e\000r\000o\000n\000e\000\040\000f\000o\000r\000?}{section.8}% 148
\BOOKMARK [2][-]{subsection.8.13}{\376\377\000C\000a\000n\000\040\000p\000r\000o\000g\000e\000s\000t\000e\000r\000o\000n\000e\000\040\000c\000o\000n\000v\000e\000r\000t\000\040\000i\000n\000t\000o\000\040\000d\000i\000h\000y\000d\000r\000o\000t\000e\000s\000t\000o\000s\000t\000e\000r\000o\000n\000e\000\040\000\050\000D\000H\000T\000\051\000?}{section.8}% 149
\BOOKMARK [2][-]{subsection.8.14}{\376\377\000I\000s\000\040\000t\000h\000e\000r\000e\000\040\000a\000n\000y\000\040\000b\000e\000n\000e\000f\000i\000t\000\040\000t\000o\000\040\000t\000o\000p\000i\000c\000a\000l\000\040\000p\000r\000o\000g\000e\000s\000t\000e\000r\000o\000n\000e\000\040\000a\000p\000p\000l\000i\000c\000a\000t\000i\000o\000n\000s\000\040\000i\000n\000\040\000a\000d\000d\000i\000t\000i\000o\000n\000\040\000t\000o\000\040\000p\000i\000l\000l\000s\000?}{section.8}% 150
\BOOKMARK [2][-]{subsection.8.15}{\376\377\000C\000a\000n\000\040\000I\000\040\000s\000n\000o\000r\000t\000\040\000p\000r\000o\000g\000e\000s\000t\000e\000r\000o\000n\000e\000\040\000p\000o\000w\000d\000e\000r\000?}{section.8}% 151
\BOOKMARK [2][-]{subsection.8.16}{\376\377\000W\000h\000e\000r\000e\000\040\000c\000a\000n\000\040\000I\000\040\000g\000e\000t\000\040\000p\000r\000o\000g\000e\000s\000t\000e\000r\000o\000n\000e\000?}{section.8}% 152
\BOOKMARK [2][-]{subsection.8.17}{\376\377\000I\000\040\000w\000o\000u\000l\000d\000\040\000l\000i\000k\000e\000\040\000t\000o\000\040\000r\000e\000a\000d\000\040\000m\000o\000r\000e\000\040\000a\000b\000o\000u\000t\000\040\000p\000r\000o\000g\000e\000s\000t\000e\000r\000o\000n\000e\000\040\000i\000n\000\040\000a\000n\000\040\000H\000R\000T\000\040\000c\000o\000n\000t\000e\000x\000t\000.\000\040\000W\000h\000a\000t\000\040\000r\000e\000s\000o\000u\000r\000c\000e\000s\000\040\000s\000h\000o\000u\000l\000d\000\040\000I\000\040\000r\000e\000a\000d\000?}{section.8}% 153
\BOOKMARK [2][-]{subsection.8.18}{\376\377\000D\000o\000e\000s\000\040\000p\000r\000o\000g\000e\000s\000t\000e\000r\000o\000n\000e\000\040\000i\000n\000t\000e\000r\000a\000c\000t\000\040\000w\000i\000t\000h\000\040\000a\000n\000y\000\040\000o\000t\000h\000e\000r\000\040\000d\000r\000u\000g\000s\000\040\000r\000e\000l\000a\000t\000e\000d\000\040\000t\000o\000\040\000H\000R\000T\000?}{section.8}% 154
\BOOKMARK [1][-]{section.9}{\376\377\000T\000E\000S\000T\000O\000S\000T\000E\000R\000O\000N\000E}{}% 155
\BOOKMARK [2][-]{subsection.9.1}{\376\377\000W\000h\000y\000\040\000d\000o\000n\040\031\000t\000\040\000w\000e\000\040\000w\000a\000n\000t\000\040\000z\000e\000r\000o\000\040\000t\000e\000s\000t\000o\000s\000t\000e\000r\000o\000n\000e\000?}{section.9}% 156
\BOOKMARK [2][-]{subsection.9.2}{\376\377\000A\000r\000e\000\040\000t\000h\000e\000r\000e\000\040\000e\000v\000e\000r\000\040\000c\000a\000s\000e\000s\000\040\000w\000h\000e\000r\000e\000\040\000I\000\040\000w\000o\000u\000l\000d\000\040\000w\000a\000n\000t\000\040\000t\000o\000\040\000s\000u\000p\000p\000l\000e\000m\000e\000n\000t\000\040\000t\000e\000s\000t\000o\000s\000t\000e\000r\000o\000n\000e\000?}{section.9}% 157
\BOOKMARK [2][-]{subsection.9.3}{\376\377\000I\000f\000\040\000I\000\040\000w\000a\000n\000t\000e\000d\000\040\000t\000o\000\040\000s\000u\000p\000p\000l\000e\000m\000e\000n\000t\000\040\000t\000e\000s\000t\000o\000s\000t\000e\000r\000o\000n\000e\000,\000\040\000h\000o\000w\000\040\000w\000o\000u\000l\000d\000\040\000I\000\040\000d\000o\000\040\000i\000t\000?}{section.9}% 158
\BOOKMARK [2][-]{subsection.9.4}{\376\377\000W\000h\000a\000t\000\040\000a\000r\000e\000\040\000t\000h\000e\000\040\000t\000o\000p\000i\000c\000a\000l\000\040\000f\000o\000r\000m\000s\000\040\000o\000f\000\040\000t\000e\000s\000t\000o\000s\000t\000e\000r\000o\000n\000e\000?}{section.9}% 159
\BOOKMARK [2][-]{subsection.9.5}{\376\377\000D\000o\000e\000s\000\040\000i\000t\000\040\000m\000a\000t\000t\000e\000r\000\040\000w\000h\000e\000r\000e\000\040\000I\000\040\000a\000p\000p\000l\000y\000\040\000t\000h\000e\000\040\000t\000e\000s\000t\000o\000s\000t\000e\000r\000o\000n\000e\000?}{section.9}% 160
\BOOKMARK [2][-]{subsection.9.6}{\376\377\000H\000o\000w\000\040\000m\000u\000c\000h\000\040\000a\000n\000d\000\040\000h\000o\000w\000\040\000o\000f\000t\000e\000n\000\040\000s\000h\000o\000u\000l\000d\000\040\000I\000\040\000a\000p\000p\000l\000y\000\040\000t\000e\000s\000t\000o\000s\000t\000e\000r\000o\000n\000e\000?}{section.9}% 161
\BOOKMARK [2][-]{subsection.9.7}{\376\377\000W\000h\000e\000r\000e\000\040\000w\000o\000u\000l\000d\000\040\000I\000\040\000g\000e\000t\000\040\000t\000e\000s\000t\000o\000s\000t\000e\000r\000o\000n\000e\000?}{section.9}% 162
\BOOKMARK [2][-]{subsection.9.8}{\376\377\000A\000r\000e\000\040\000o\000t\000h\000e\000r\000\040\000s\000t\000e\000r\000o\000i\000d\000s\000\040\000e\000q\000u\000i\000v\000a\000l\000e\000n\000t\000\040\000t\000o\000\040\000t\000e\000s\000t\000o\000s\000t\000e\000r\000o\000n\000e\000\040\000i\000n\000\040\000a\000n\000\040\000H\000R\000T\000\040\000c\000o\000n\000t\000e\000x\000t\000?}{section.9}% 163
\BOOKMARK [2][-]{subsection.9.9}{\376\377\000W\000h\000a\000t\000\040\000i\000s\000\040\000t\000h\000e\000\040\000r\000e\000l\000a\000t\000i\000o\000n\000s\000h\000i\000p\000\040\000b\000e\000t\000w\000e\000e\000n\000\040\000t\000e\000s\000t\000o\000s\000t\000e\000r\000o\000n\000e\000\040\000a\000n\000d\000\040\000d\000i\000h\000y\000d\000r\000o\000t\000e\000s\000t\000o\000s\000t\000e\000r\000o\000n\000e\000\040\000\050\000D\000H\000T\000\051\000?}{section.9}% 164
\BOOKMARK [1][-]{section.10}{\376\377\000A\000N\000T\000I\000A\000N\000D\000R\000O\000G\000E\000N\000S}{}% 165
\BOOKMARK [2][-]{subsection.10.1}{\376\377\000W\000h\000a\000t\000\040\000a\000r\000e\000\040\040\034\000a\000n\000t\000i\000a\000n\000d\000r\000o\000g\000e\000n\000s\040\035\000?}{section.10}% 166
\BOOKMARK [2][-]{subsection.10.2}{\376\377\000W\000h\000y\000\040\000w\000o\000u\000l\000d\000n\040\031\000t\000\040\000I\000\040\000w\000a\000n\000t\000\040\000a\000n\000t\000i\000a\000n\000d\000r\000o\000g\000e\000n\000s\000?}{section.10}% 167
\BOOKMARK [2][-]{subsection.10.3}{\376\377\000W\000h\000e\000n\000\040\000m\000i\000g\000h\000t\000\040\000I\000\040\000w\000a\000n\000t\000\040\000a\000n\000t\000i\000a\000n\000d\000r\000o\000g\000e\000n\000s\000?}{section.10}% 168
\BOOKMARK [2][-]{subsection.10.4}{\376\377\000W\000h\000a\000t\000\040\000k\000i\000n\000d\000s\000\040\000o\000f\000\040\000a\000n\000t\000i\000a\000n\000d\000r\000o\000g\000e\000n\000s\000\040\000a\000r\000e\000\040\000t\000h\000e\000r\000e\000?}{section.10}% 169
\BOOKMARK [2][-]{subsection.10.5}{\376\377\000W\000h\000e\000n\000\040\000m\000i\000g\000h\000t\000\040\000I\000\040\000w\000a\000n\000t\000\040\000t\000o\000\040\000t\000a\000k\000e\000\040\000s\000p\000i\000r\000o\000n\000o\000l\000a\000c\000t\000o\000n\000e\000?}{section.10}% 170
\BOOKMARK [2][-]{subsection.10.6}{\376\377\000W\000h\000e\000n\000\040\000m\000i\000g\000h\000t\000\040\000I\000\040\000w\000a\000n\000t\000\040\000t\000o\000\040\000t\000a\000k\000e\000\040\000b\000i\000c\000a\000l\000u\000t\000a\000m\000i\000d\000e\000?}{section.10}% 171
\BOOKMARK [2][-]{subsection.10.7}{\376\377\000W\000h\000e\000n\000\040\000m\000i\000g\000h\000t\000\040\000I\000\040\000w\000a\000n\000t\000\040\000t\000o\000\040\000t\000a\000k\000e\000\040\000c\000y\000p\000r\000o\000t\000e\000r\000o\000n\000e\000\040\000a\000c\000e\000t\000a\000t\000e\000?}{section.10}% 172
\BOOKMARK [2][-]{subsection.10.8}{\376\377\000W\000h\000e\000n\000\040\000m\000i\000g\000h\000t\000\040\000I\000\040\000w\000a\000n\000t\000\040\000t\000o\000\040\000t\000a\000k\000e\000\040\000d\000u\000t\000a\000s\000t\000e\000r\000i\000d\000e\000?}{section.10}% 173
\BOOKMARK [2][-]{subsection.10.9}{\376\377\000W\000h\000e\000n\000\040\000m\000i\000g\000h\000t\000\040\000I\000\040\000w\000a\000n\000t\000\040\000t\000o\000\040\000t\000a\000k\000e\000\040\000f\000i\000n\000a\000s\000t\000e\000r\000i\000d\000e\000?}{section.10}% 174
\BOOKMARK [2][-]{subsection.10.10}{\376\377\000W\000h\000e\000r\000e\000\040\000c\000a\000n\000\040\000I\000\040\000g\000e\000t\000\040\000a\000n\000t\000i\000a\000n\000d\000r\000o\000g\000e\000n\000s\000?}{section.10}% 175
\BOOKMARK [1][-]{section.11}{\376\377\000M\000Y\000T\000H\000S\000\040\000A\000N\000D\000\040\000M\000I\000S\000C\000S}{}% 176
\BOOKMARK [2][-]{section*.21}{\376\377\040\024\000\040\000C\000o\000m\000m\000o\000n\000\040\000Q\000u\000e\000s\000t\000i\000o\000n\000s}{section.11}% 177
\BOOKMARK [2][-]{subsection.11.1}{\376\377\000S\000h\000o\000u\000l\000d\000\040\000I\000\040\000b\000e\000\040\000w\000o\000r\000r\000i\000e\000d\000\040\000a\000b\000o\000u\000t\000\040\000b\000l\000o\000o\000d\000\040\000c\000l\000o\000t\000s\000?}{section.11}% 178
\BOOKMARK [2][-]{subsection.11.2}{\376\377\000I\000s\000\040\000i\000t\000\040\000o\000k\000a\000y\000\040\000t\000o\000\040\000u\000s\000e\000\040\000n\000i\000c\000o\000t\000i\000n\000e\000\040\000w\000h\000i\000l\000e\000\040\000o\000n\000\040\000H\000R\000T\000?}{section.11}% 179
\BOOKMARK [2][-]{subsection.11.3}{\376\377\000I\000s\000\040\000t\000h\000e\000r\000e\000\040\000b\000e\000n\000e\000f\000i\000t\000\040\000t\000o\000\040\000s\000t\000a\000r\000t\000i\000n\000g\000\040\000a\000t\000\040\000a\000\040\000l\000o\000w\000\040\000d\000o\000s\000a\000g\000e\000\040\000v\000s\000\040\000a\000\040\000h\000i\000g\000h\000\040\000d\000o\000s\000a\000g\000e\000?}{section.11}% 180
\BOOKMARK [2][-]{subsection.11.4}{\376\377\000D\000o\000e\000s\000\040\000b\000o\000d\000y\000\040\000w\000e\000i\000g\000h\000t\000\040\000a\000f\000f\000e\000c\000t\000\040\000d\000o\000s\000a\000g\000e\000?}{section.11}% 181
\BOOKMARK [2][-]{subsection.11.5}{\376\377\000I\000s\000\040\000t\000h\000e\000r\000e\000\040\000s\000u\000c\000h\000\040\000a\000\040\000t\000h\000i\000n\000g\000\040\000a\000s\000\040\000s\000t\000a\000r\000t\000i\000n\000g\000\040\000e\000s\000t\000r\000o\000g\000e\000n\000\040\000t\000o\000o\000\040\000l\000a\000t\000e\000?}{section.11}% 182
\BOOKMARK [2][-]{subsection.11.6}{\376\377\000D\000o\000e\000s\000\040\000f\000e\000m\000i\000n\000i\000z\000a\000t\000i\000o\000n\000\040\000/\000\040\000b\000r\000e\000a\000s\000t\000\040\000d\000e\000v\000e\000l\000o\000p\000m\000e\000n\000t\000\040\000s\000t\000o\000p\000\040\000a\000f\000t\000e\000r\000\040\000X\000\040\000y\000e\000a\000r\000s\000?}{section.11}% 183
\BOOKMARK [2][-]{subsection.11.7}{\376\377\000I\000\040\000h\000a\000v\000e\000n\040\031\000t\000\040\000s\000e\000e\000n\000\040\000a\000n\000y\000\040\000c\000h\000a\000n\000g\000e\000s\000\040\000i\000n\000\040\000y\000e\000a\000r\000s\000\040\000o\000n\000\040\000i\000n\000j\000e\000c\000t\000i\000o\000n\000s\000.\000\040\000W\000o\000u\000l\000d\000\040\000s\000w\000a\000p\000p\000i\000n\000g\000\040\000b\000a\000c\000k\000\040\000t\000o\000\040\000p\000i\000l\000l\000s\000\040\000m\000a\000k\000e\000\040\000a\000\040\000d\000i\000f\000f\000e\000r\000e\000n\000c\000e\000?}{section.11}% 184
\BOOKMARK [2][-]{subsection.11.8}{\376\377\000I\000s\000\040\000l\000o\000w\000\040\000e\000n\000e\000r\000g\000y\000\040\000a\000n\000d\000\040\000l\000o\000w\000\040\000l\000i\000b\000i\000d\000o\000\040\000n\000o\000r\000m\000a\000l\000\040\000o\000n\000\040\000H\000R\000T\000?}{section.11}% 185
\BOOKMARK [2][-]{subsection.11.9}{\376\377\000I\000\040\000h\000e\000a\000r\000\040\000a\000b\000o\000u\000t\000\040\000[\000r\000a\000n\000d\000o\000m\000\040\000d\000r\000u\000g\000\040\000/\000\040\000s\000t\000r\000a\000t\000e\000g\000y\000]\000\040\000t\000h\000a\000t\000\040\000m\000y\000\040\000f\000r\000i\000e\000n\000d\000\040\000s\000a\000i\000d\000\040\000h\000e\000l\000p\000s\000\040\000f\000e\000m\000i\000n\000i\000z\000a\000t\000i\000o\000n\000.\000\040\000D\000o\000e\000s\000\040\000i\000t\000\040\000a\000c\000t\000u\000a\000l\000l\000y\000?}{section.11}% 186
\BOOKMARK [2][-]{subsection.11.10}{\376\377\000D\000o\000\040\000w\000e\000\040\000w\000a\000n\000t\000\040\000t\000o\000\040\000m\000i\000m\000i\000c\000\040\000t\000h\000e\000\040\000e\000s\000t\000r\000o\000g\000e\000n\000\040\000c\000y\000c\000l\000e\000\040\000o\000f\000\040\000c\000i\000s\000\040\000w\000o\000m\000e\000n\000?}{section.11}% 187
\BOOKMARK [2][-]{subsection.11.11}{\376\377\000D\000o\000\040\000t\000r\000a\000n\000s\000\040\000w\000o\000m\000e\000n\000\040\000e\000x\000p\000e\000r\000i\000e\000n\000c\000e\000\040\000p\000e\000r\000i\000o\000d\000s\000?}{section.11}% 188
\BOOKMARK [2][-]{subsection.11.12}{\376\377\000C\000a\000n\000\040\000t\000o\000o\000\040\000m\000u\000c\000h\000\040\000e\000s\000t\000r\000o\000g\000e\000n\000\040\000c\000o\000n\000v\000e\000r\000t\000\040\000t\000o\000\040\000t\000e\000s\000t\000o\000s\000t\000e\000r\000o\000n\000e\000?}{section.11}% 189
\BOOKMARK [2][-]{subsection.11.13}{\376\377\000D\000o\000e\000s\000\040\000b\000o\000t\000t\000o\000m\000\040\000s\000u\000r\000g\000e\000r\000y\000\040\000c\000a\000u\000s\000e\000\040\000a\000n\000\040\000i\000n\000c\000r\000e\000a\000s\000e\000\040\000i\000n\000\040\000t\000e\000s\000t\000o\000s\000t\000e\000r\000o\000n\000e\000?}{section.11}% 190
\BOOKMARK [2][-]{subsection.11.14}{\376\377\000H\000o\000w\000\040\000d\000o\000\040\000I\000\040\000p\000r\000e\000v\000e\000n\000t\000/\000r\000e\000v\000e\000r\000t\000\040\000h\000a\000i\000r\000\040\000l\000o\000s\000s\000?}{section.11}% 191
\BOOKMARK [2][-]{subsection.11.15}{\376\377\000D\000o\000e\000s\000\040\000e\000x\000e\000r\000c\000i\000s\000e\000\040\000a\000f\000f\000e\000c\000t\000\040\000f\000e\000m\000i\000n\000i\000z\000a\000t\000i\000o\000n\000?}{section.11}% 192
\BOOKMARK [2][-]{subsection.11.16}{\376\377\000W\000h\000a\000t\000\040\000s\000h\000o\000u\000l\000d\000\040\000I\000\040\000e\000x\000e\000r\000c\000i\000s\000e\000\040\000t\000h\000e\000n\000?}{section.11}% 193
\BOOKMARK [2][-]{subsection.11.17}{\376\377\000C\000a\000n\000\040\000e\000s\000t\000r\000o\000g\000e\000n\000\040\000r\000e\000a\000l\000l\000y\000\040\000c\000a\000u\000s\000e\000\040\000h\000e\000i\000g\000h\000t\000\040\000s\000h\000r\000i\000n\000k\000a\000g\000e\000?}{section.11}% 194
\BOOKMARK [2][-]{subsection.11.18}{\376\377\000C\000a\000n\000\040\000e\000s\000t\000r\000o\000g\000e\000n\000\040\000r\000e\000a\000l\000l\000y\000\040\000c\000a\000u\000s\000e\000\040\000f\000o\000o\000t\000\040\000s\000h\000r\000i\000n\000k\000a\000g\000e\000?}{section.11}% 195
\BOOKMARK [2][-]{subsection.11.19}{\376\377\000C\000a\000n\000\040\000e\000s\000t\000r\000o\000g\000e\000n\000\040\000r\000e\000a\000l\000l\000y\000\040\000c\000a\000u\000s\000e\000\040\000a\000n\000y\000\040\000o\000t\000h\000e\000r\000\040\000k\000i\000n\000d\000s\000\040\000o\000f\000\040\000s\000h\000r\000i\000n\000k\000a\000g\000e\000?}{section.11}% 196
\BOOKMARK [2][-]{section*.22}{\376\377\040\024\000\040\000S\000e\000x\000u\000a\000l\000\040\000H\000e\000a\000l\000t\000h}{section.11}% 197
\BOOKMARK [2][-]{subsection.11.20}{\376\377\000H\000o\000w\000\040\000d\000o\000\040\000I\000\040\000i\000m\000p\000r\000o\000v\000e\000\040\000e\000r\000e\000c\000t\000i\000l\000e\000\040\000f\000u\000n\000c\000t\000i\000o\000n\000\040\000o\000n\000\040\000H\000R\000T\000?}{section.11}% 198
\BOOKMARK [2][-]{subsection.11.21}{\376\377\000H\000o\000w\000\040\000d\000o\000\040\000I\000\040\000i\000n\000c\000r\000e\000a\000s\000e\000\040\000c\000u\000m\000/\000p\000r\000e\000-\000c\000u\000m\000\040\000v\000o\000l\000u\000m\000e\000\040\000o\000n\000\040\000H\000R\000T\000?}{section.11}% 199
\BOOKMARK [2][-]{subsection.11.22}{\376\377\000C\000a\000n\000\040\000I\000\040\000l\000a\000c\000t\000a\000t\000e\000\040\000o\000n\000\040\000H\000R\000T\000?}{section.11}% 200
\BOOKMARK [2][-]{subsection.11.23}{\376\377\000C\000a\000n\000\040\000H\000R\000T\000\040\000c\000h\000a\000n\000g\000e\000\040\000y\000o\000u\000r\000\040\000s\000e\000n\000s\000e\000s\000\040\000a\000n\000d\000\040\000y\000o\000u\000r\000\040\000p\000e\000r\000c\000e\000p\000t\000i\000o\000n\000s\000,\000\040\000i\000.\000e\000.\000\040\000s\000m\000e\000l\000l\000?}{section.11}% 201
\BOOKMARK [2][-]{subsection.11.24}{\376\377\000C\000a\000n\000\040\000H\000R\000T\000\040\000c\000h\000a\000n\000g\000e\000\040\000y\000o\000u\000r\000\040\000s\000e\000x\000u\000a\000l\000i\000t\000y\000?}{section.11}% 202
\BOOKMARK [2][-]{subsection.11.25}{\376\377\000S\000h\000o\000u\000l\000d\000\040\000I\000\040\000b\000e\000\040\000o\000n\000\040\000P\000r\000E\000P\000?}{section.11}% 203
\BOOKMARK [2][-]{section*.23}{\376\377\040\024\000\040\000M\000e\000d\000i\000c\000a\000l\000\040\000M\000a\000l\000p\000r\000a\000c\000t\000i\000c\000e}{section.11}% 204
\BOOKMARK [2][-]{subsection.11.26}{\376\377\000I\000\040\000h\000e\000a\000r\000d\000\040\000t\000h\000a\000t\000\040\000i\000n\000j\000e\000c\000t\000i\000o\000n\000s\000\040\000a\000r\000e\000\040\000a\000c\000t\000u\000a\000l\000l\000y\000\040\000l\000e\000s\000s\000\040\000s\000t\000a\000b\000l\000e\000\040\000b\000e\000c\000a\000u\000s\000e\000\040\000y\000o\000u\000\040\000d\000o\000\040\000t\000h\000e\000m\000\040\000l\000e\000s\000s\000\040\000f\000r\000e\000q\000u\000e\000n\000t\000l\000y\000.\000\040\000I\000s\000\040\000t\000h\000a\000t\000\040\000t\000r\000u\000e\000?}{section.11}% 205
\BOOKMARK [2][-]{subsection.11.27}{\376\377\000B\000u\000t\000\040\000m\000y\000\040\000d\000o\000c\000t\000o\000r\000\040\000s\000a\000i\000d\000-\000?}{section.11}% 206
\BOOKMARK [2][-]{subsection.11.28}{\376\377\000M\000y\000\040\000d\000o\000c\000t\000o\000r\000\040\000w\000o\000n\040\031\000t\000\040\000p\000r\000e\000s\000c\000r\000i\000b\000e\000\040\000m\000e\000\040\000i\000n\000j\000e\000c\000t\000i\000o\000n\000s\000.\000\040\000W\000h\000a\000t\000\040\000d\000o\000\040\000I\000\040\000d\000o\000?}{section.11}% 207
\BOOKMARK [2][-]{subsection.11.29}{\376\377\000H\000o\000w\000\040\000d\000o\000e\000s\000\040\000H\000R\000T\000\040\000f\000o\000r\000\040\000m\000e\000n\000o\000p\000a\000u\000s\000a\000l\000\040\000c\000i\000s\000\040\000w\000o\000m\000e\000n\000\040\000r\000e\000l\000a\000t\000e\000\040\000t\000o\000\040\000H\000R\000T\000\040\000f\000o\000r\000\040\000t\000r\000a\000n\000s\000\040\000w\000o\000m\000e\000n\000?}{section.11}% 208
\BOOKMARK [2][-]{section*.24}{\376\377\040\024\000\040\000I\000n\000t\000e\000r\000s\000e\000x\000u\000a\000l\000i\000t\000y\000\040\000a\000n\000d\000\040\000C\000o\000m\000o\000r\000b\000i\000d\000i\000t\000i\000e\000s}{section.11}% 209
\BOOKMARK [2][-]{subsection.11.30}{\376\377\000W\000h\000a\000t\040\031\000s\000\040\000u\000p\000\040\000w\000i\000t\000h\000\040\000E\000h\000l\000e\000r\000s\000-\000D\000a\000n\000l\000o\000s\000\040\000S\000y\000n\000d\000r\000o\000m\000e\000?}{section.11}% 210
\BOOKMARK [2][-]{subsection.11.31}{\376\377\000W\000h\000a\000t\000\040\000k\000i\000n\000d\000\040\000o\000f\000\040\000i\000n\000t\000e\000r\000s\000e\000x\000\040\000t\000h\000i\000n\000g\000s\000\040\000s\000h\000o\000u\000l\000d\000\040\000I\000\040\000k\000e\000e\000p\000\040\000i\000n\000\040\000m\000i\000n\000d\000?}{section.11}% 211
\BOOKMARK [2][-]{subsection.11.32}{\376\377\000W\000h\000a\000t\040\031\000s\000\040\000u\000p\000\040\000w\000i\000t\000h\000\040\000K\000l\000i\000n\000e\000f\000e\000l\000t\000e\000r\000\040\000S\000y\000n\000d\000r\000o\000m\000e\000?}{section.11}% 212
\BOOKMARK [2][-]{subsection.11.33}{\376\377\000W\000h\000a\000t\040\031\000s\000\040\000u\000p\000\040\000w\000i\000t\000h\000\040\000P\000e\000r\000s\000i\000s\000t\000e\000n\000t\000\040\000M\000\374\000l\000l\000e\000r\000i\000a\000n\000\040\000D\000u\000c\000t\000\040\000S\000y\000n\000d\000r\000o\000m\000e\000\040\000\050\000P\000M\000D\000S\000\051\000?}{section.11}% 213
\BOOKMARK [2][-]{subsection.11.34}{\376\377\000W\000h\000a\000t\000'\000s\000\040\000u\000p\000\040\000w\000i\000t\000h\000\040\000o\000v\000o\000t\000e\000s\000t\000i\000c\000u\000l\000a\000r\000\040\000s\000y\000n\000d\000r\000o\000m\000e\000?}{section.11}% 214
\BOOKMARK [2][-]{subsection.11.35}{\376\377\000W\000h\000a\000t\040\031\000s\000\040\000t\000h\000e\000\040\000d\000i\000f\000f\000e\000r\000e\000n\000c\000e\000\040\000b\000e\000t\000w\000e\000e\000n\000\040\000i\000n\000t\000e\000s\000t\000i\000n\000a\000l\000\040\000c\000r\000a\000m\000p\000s\000\040\000a\000n\000d\000\040\000u\000t\000e\000r\000i\000n\000e\000\040\000c\000r\000a\000m\000p\000s\000?}{section.11}% 215
\BOOKMARK [2][-]{subsection.11.36}{\376\377\000W\000h\000a\000t\000\040\000a\000b\000o\000u\000t\000\040\000o\000t\000h\000e\000r\000\040\000i\000n\000t\000e\000r\000s\000e\000x\000\040\000c\000o\000n\000d\000i\000t\000i\000o\000n\000s\000?}{section.11}% 216
\BOOKMARK [2][-]{section*.25}{\376\377\040\024\000\040\000O\000d\000d\000b\000a\000l\000l\000\040\000Q\000u\000e\000s\000t\000i\000o\000n\000s}{section.11}% 217
\BOOKMARK [2][-]{subsection.11.37}{\376\377\000M\000a\000n\000y\000\040\000D\000I\000Y\000\040\000s\000o\000u\000r\000c\000e\000s\000\040\000o\000n\000l\000y\000\040\000t\000a\000k\000e\000\040\000c\000r\000y\000p\000t\000o\000.\000\040\000I\000s\000\040\000t\000h\000a\000t\000\040\000r\000e\000q\000u\000i\000r\000e\000d\000?\000\040\000H\000o\000w\000\040\000d\000o\000e\000s\000\040\000t\000h\000a\000t\000\040\000w\000o\000r\000k\000?}{section.11}% 218
\BOOKMARK [2][-]{subsection.11.38}{\376\377\000W\000h\000a\000t\000\040\000a\000b\000o\000u\000t\000\040\000S\000e\000l\000e\000c\000t\000i\000v\000e\000\040\000E\000s\000t\000r\000o\000g\000e\000n\000\040\000R\000e\000c\000e\000p\000t\000o\000r\000\040\000M\000o\000d\000u\000l\000a\000t\000o\000r\000\040\000\050\000S\000E\000R\000M\000\051\000\040\000d\000r\000u\000g\000s\000\040\000f\000o\000r\000\040\000n\000o\000n\000b\000i\000n\000a\000r\000y\000\040\000r\000e\000g\000i\000m\000e\000n\000s\000?}{section.11}% 219
\BOOKMARK [2][-]{subsection.11.39}{\376\377\000A\000r\000e\000\040\000t\000h\000i\000n\000g\000s\000\040\000l\000i\000k\000e\000\040\040\034\000h\000e\000r\000b\000a\000l\000\040\000H\000R\000T\040\035\000\040\000o\000r\000\040\040\034\000p\000h\000y\000t\000o\000e\000s\000t\000r\000o\000g\000e\000n\000s\040\035\000\040\000l\000e\000g\000i\000t\000i\000m\000a\000t\000e\000?}{section.11}% 220
\BOOKMARK [2][-]{subsection.11.40}{\376\377\000I\000s\000\040\000t\000h\000e\000\040\000R\000e\000d\000d\000i\000t\000\040\000D\000o\000c\000t\000o\000r\000\040\000t\000h\000a\000t\000\040\000p\000e\000o\000p\000l\000e\000\040\000c\000o\000n\000s\000t\000a\000n\000t\000l\000y\000\040\000t\000a\000l\000k\000\040\000a\000b\000o\000u\000t\000\040\000G\000o\000o\000d\000?}{section.11}% 221
\BOOKMARK [2][-]{subsection.11.41}{\376\377\000I\000\040\000h\000e\000a\000r\000\040\000D\000I\000Y\000\040\000e\000s\000t\000r\000o\000g\000e\000n\000\040\000i\000s\000\040\000m\000a\000d\000e\000\040\000i\000n\000\040\000a\000\040\000b\000a\000t\000h\000t\000u\000b\000.\000\040\000I\000s\000\040\000t\000h\000a\000t\000\040\000t\000r\000u\000e\000?}{section.11}% 222
\BOOKMARK [2][-]{subsection.11.42}{\376\377\000H\000o\000w\000\040\000d\000o\000e\000s\000\040\000H\000R\000T\000\040\000a\000f\000f\000e\000c\000t\000\040\000f\000e\000r\000t\000i\000l\000i\000t\000y\000?}{section.11}% 223
\BOOKMARK [2][-]{subsection.11.43}{\376\377\000I\000s\000\040\000i\000n\000f\000e\000r\000t\000i\000l\000i\000t\000y\000\040\000f\000r\000o\000m\000\040\000H\000R\000T\000\040\000r\000e\000v\000e\000r\000s\000i\000b\000l\000e\000?}{section.11}% 224
\BOOKMARK [1][-]{section.12}{\376\377\000C\000R\000E\000A\000T\000I\000N\000E}{}% 225
\BOOKMARK [2][-]{subsection.12.1}{\376\377\000W\000h\000a\000t\000\040\000i\000s\000\040\000c\000r\000e\000a\000t\000i\000n\000e\000?}{section.12}% 226
\BOOKMARK [2][-]{subsection.12.2}{\376\377\000I\000s\000n\040\031\000t\000\040\000i\000t\000\040\000l\000i\000k\000e\000\040\000a\000\040\000s\000t\000e\000r\000o\000i\000d\000\040\000o\000r\000\040\000s\000o\000m\000e\000t\000h\000i\000n\000g\000\040\000t\000h\000a\000t\000\040\000b\000o\000d\000y\000b\000u\000i\000l\000d\000e\000r\000s\000\040\000u\000s\000e\000?}{section.12}% 227
\BOOKMARK [2][-]{subsection.12.3}{\376\377\000H\000o\000w\000\040\000i\000s\000\040\000c\000r\000e\000a\000t\000i\000n\000e\000\040\000r\000e\000l\000a\000t\000e\000d\000\040\000t\000o\000\040\000H\000R\000T\000?}{section.12}% 228
\BOOKMARK [2][-]{subsection.12.4}{\376\377\000O\000k\000a\000y\000\040\000w\000e\000l\000l\000\040\000w\000h\000y\000\040\000s\000h\000o\000u\000l\000d\000\040\000I\000\040\000t\000a\000k\000e\000\040\000c\000r\000e\000a\000t\000i\000n\000e\000\040\000t\000h\000e\000n\000?}{section.12}% 229
\BOOKMARK [2][-]{subsection.12.5}{\376\377\000W\000h\000a\000t\000\040\000a\000r\000e\000\040\000t\000h\000e\000\040\000f\000o\000r\000m\000s\000?}{section.12}% 230
\BOOKMARK [2][-]{subsection.12.6}{\376\377\000H\000o\000w\000\040\000d\000o\000\040\000I\000\040\000t\000a\000k\000e\000\040\000i\000t\000\040\000t\000h\000e\000n\000?}{section.12}% 231
\BOOKMARK [2][-]{subsection.12.7}{\376\377\000D\000o\000e\000s\000\040\000i\000t\000\040\000m\000a\000t\000t\000e\000r\000\040\000w\000h\000e\000n\000\040\000I\000\040\000t\000a\000k\000e\000\040\000i\000t\000?}{section.12}% 232
\BOOKMARK [2][-]{subsection.12.8}{\376\377\000H\000o\000w\000\040\000d\000o\000e\000s\000\040\000i\000t\000\040\000w\000o\000r\000k\000\040\000t\000h\000e\000n\000?}{section.12}% 233
\BOOKMARK [2][-]{subsection.12.9}{\376\377\000D\000o\000\040\000I\000\040\000h\000a\000v\000e\000\040\000t\000o\000\040\000d\000o\000\040\000a\000\040\040\034\000l\000o\000a\000d\000i\000n\000g\040\035\000\040\000p\000h\000a\000s\000e\000\040\000o\000f\000\040\000t\000a\000k\000i\000n\000g\000\040\000m\000o\000r\000e\000\040\000a\000t\000\040\000f\000i\000r\000s\000t\000?}{section.12}% 234
\BOOKMARK [2][-]{subsection.12.10}{\376\377\000W\000h\000a\000t\000\040\000a\000r\000e\000\040\000t\000h\000e\000\040\000s\000i\000d\000e\000\040\000e\000f\000f\000e\000c\000t\000s\000?}{section.12}% 235
\BOOKMARK [2][-]{subsection.12.11}{\376\377\000W\000h\000o\000\040\000s\000h\000o\000u\000l\000d\000n\040\031\000t\000\040\000t\000a\000k\000e\000\040\000i\000t\000?}{section.12}% 236
\BOOKMARK [2][-]{subsection.12.12}{\376\377\000D\000o\000\040\000y\000o\000u\000\040\000h\000a\000v\000e\000\040\000a\000n\000y\000\040\000b\000r\000a\000n\000d\000\040\000r\000e\000c\000o\000m\000m\000e\000n\000d\000a\000t\000i\000o\000n\000s\000?}{section.12}% 237
\BOOKMARK [2][-]{subsection.12.13}{\376\377\000Y\000o\000u\000\040\000s\000e\000r\000i\000o\000u\000s\000l\000y\000\040\000p\000u\000t\000\040\000c\000r\000e\000a\000t\000i\000n\000e\000\040\000i\000n\000t\000o\000\040\000t\000h\000i\000s\000\040\000d\000o\000c\000u\000m\000e\000n\000t\000,\000\040\000h\000u\000h\000?}{section.12}% 238
\BOOKMARK [1][-]{section.13}{\376\377\000C\000L\000O\000S\000I\000N\000G\000\040\000R\000E\000M\000A\000R\000K\000S}{}% 239
\BOOKMARK [1][-]{section*.26}{\376\377\000F\000R\000I\000E\000N\000D\000S\000\040\000O\000F\000\040\000P\000G\000H\000R\000T}{}% 240
\BOOKMARK [1][-]{section*.27}{\376\377\000A\000B\000O\000U\000T\000\040\000T\000H\000E\000\040\000A\000U\000T\000H\000O\000R}{}% 241
\BOOKMARK [1][-]{section*.28}{\376\377\000D\000I\000S\000C\000L\000O\000S\000U\000R\000E\000S}{}% 242
\BOOKMARK [1][-]{section*.29}{\376\377\000A\000C\000K\000N\000O\000W\000L\000E\000D\000G\000E\000M\000E\000N\000T\000S}{}% 243
\BOOKMARK [1][-]{section*.30}{\376\377\000C\000H\000A\000N\000G\000E\000L\000O\000G}{}% 244
